[2025-10-25T01:37:23.955+0000] {processor.py:186} INFO - Started process (PID=230) to work on /opt/airflow/dags/dynamic_task_variable.py
[2025-10-25T01:37:23.956+0000] {processor.py:914} INFO - Processing file /opt/airflow/dags/dynamic_task_variable.py for tasks to queue
[2025-10-25T01:37:23.959+0000] {logging_mixin.py:190} INFO - [2025-10-25T01:37:23.958+0000] {dagbag.py:588} INFO - Filling up the DagBag from /opt/airflow/dags/dynamic_task_variable.py
[2025-10-25T01:37:24.000+0000] {logging_mixin.py:190} INFO - [2025-10-25T01:37:23.994+0000] {dagbag.py:387} ERROR - Failed to import: /opt/airflow/dags/dynamic_task_variable.py
Traceback (most recent call last):
  File "/home/airflow/.local/lib/python3.11/site-packages/airflow/models/dagbag.py", line 383, in parse
    loader.exec_module(new_module)
  File "<frozen importlib._bootstrap_external>", line 940, in exec_module
  File "<frozen importlib._bootstrap>", line 241, in _call_with_frames_removed
  File "/opt/airflow/dags/dynamic_task_variable.py", line 6, in <module>
    list_tables = Variable.get("dynamic_dag_list_tables", deserialize_json=True)
                  ^^^^^^^^^^^^^^^^^^^^^^^^^^^^^^^^^^^^^^^^^^^^^^^^^^^^^^^^^^^^^^
  File "/home/airflow/.local/lib/python3.11/site-packages/airflow/models/variable.py", line 145, in get
    raise KeyError(f"Variable {key} does not exist")
KeyError: 'Variable dynamic_dag_list_tables does not exist'
[2025-10-25T01:37:24.003+0000] {processor.py:927} WARNING - No viable dags retrieved from /opt/airflow/dags/dynamic_task_variable.py
[2025-10-25T01:37:24.017+0000] {processor.py:208} INFO - Processing /opt/airflow/dags/dynamic_task_variable.py took 0.068 seconds
[2025-10-25T01:37:54.442+0000] {processor.py:186} INFO - Started process (PID=285) to work on /opt/airflow/dags/dynamic_task_variable.py
[2025-10-25T01:37:54.443+0000] {processor.py:914} INFO - Processing file /opt/airflow/dags/dynamic_task_variable.py for tasks to queue
[2025-10-25T01:37:54.445+0000] {logging_mixin.py:190} INFO - [2025-10-25T01:37:54.445+0000] {dagbag.py:588} INFO - Filling up the DagBag from /opt/airflow/dags/dynamic_task_variable.py
[2025-10-25T01:37:54.479+0000] {logging_mixin.py:190} INFO - [2025-10-25T01:37:54.474+0000] {dagbag.py:387} ERROR - Failed to import: /opt/airflow/dags/dynamic_task_variable.py
Traceback (most recent call last):
  File "/home/airflow/.local/lib/python3.11/site-packages/airflow/models/dagbag.py", line 383, in parse
    loader.exec_module(new_module)
  File "<frozen importlib._bootstrap_external>", line 940, in exec_module
  File "<frozen importlib._bootstrap>", line 241, in _call_with_frames_removed
  File "/opt/airflow/dags/dynamic_task_variable.py", line 6, in <module>
    list_tables = Variable.get("dynamic_dag_list_tables", deserialize_json=True)
                  ^^^^^^^^^^^^^^^^^^^^^^^^^^^^^^^^^^^^^^^^^^^^^^^^^^^^^^^^^^^^^^
  File "/home/airflow/.local/lib/python3.11/site-packages/airflow/models/variable.py", line 145, in get
    raise KeyError(f"Variable {key} does not exist")
KeyError: 'Variable dynamic_dag_list_tables does not exist'
[2025-10-25T01:37:54.481+0000] {processor.py:927} WARNING - No viable dags retrieved from /opt/airflow/dags/dynamic_task_variable.py
[2025-10-25T01:37:54.493+0000] {processor.py:208} INFO - Processing /opt/airflow/dags/dynamic_task_variable.py took 0.058 seconds
[2025-10-25T01:38:26.094+0000] {processor.py:186} INFO - Started process (PID=342) to work on /opt/airflow/dags/dynamic_task_variable.py
[2025-10-25T01:38:26.095+0000] {processor.py:914} INFO - Processing file /opt/airflow/dags/dynamic_task_variable.py for tasks to queue
[2025-10-25T01:38:26.099+0000] {logging_mixin.py:190} INFO - [2025-10-25T01:38:26.098+0000] {dagbag.py:588} INFO - Filling up the DagBag from /opt/airflow/dags/dynamic_task_variable.py
[2025-10-25T01:38:26.134+0000] {logging_mixin.py:190} INFO - [2025-10-25T01:38:26.131+0000] {dagbag.py:387} ERROR - Failed to import: /opt/airflow/dags/dynamic_task_variable.py
Traceback (most recent call last):
  File "/home/airflow/.local/lib/python3.11/site-packages/airflow/models/dagbag.py", line 383, in parse
    loader.exec_module(new_module)
  File "<frozen importlib._bootstrap_external>", line 940, in exec_module
  File "<frozen importlib._bootstrap>", line 241, in _call_with_frames_removed
  File "/opt/airflow/dags/dynamic_task_variable.py", line 6, in <module>
    list_tables = Variable.get("dynamic_dag_list_tables", deserialize_json=True)
                  ^^^^^^^^^^^^^^^^^^^^^^^^^^^^^^^^^^^^^^^^^^^^^^^^^^^^^^^^^^^^^^
  File "/home/airflow/.local/lib/python3.11/site-packages/airflow/models/variable.py", line 145, in get
    raise KeyError(f"Variable {key} does not exist")
KeyError: 'Variable dynamic_dag_list_tables does not exist'
[2025-10-25T01:38:26.136+0000] {processor.py:927} WARNING - No viable dags retrieved from /opt/airflow/dags/dynamic_task_variable.py
[2025-10-25T01:38:26.147+0000] {processor.py:208} INFO - Processing /opt/airflow/dags/dynamic_task_variable.py took 0.060 seconds
[2025-10-25T01:38:56.406+0000] {processor.py:186} INFO - Started process (PID=397) to work on /opt/airflow/dags/dynamic_task_variable.py
[2025-10-25T01:38:56.407+0000] {processor.py:914} INFO - Processing file /opt/airflow/dags/dynamic_task_variable.py for tasks to queue
[2025-10-25T01:38:56.410+0000] {logging_mixin.py:190} INFO - [2025-10-25T01:38:56.410+0000] {dagbag.py:588} INFO - Filling up the DagBag from /opt/airflow/dags/dynamic_task_variable.py
[2025-10-25T01:38:56.448+0000] {logging_mixin.py:190} INFO - [2025-10-25T01:38:56.443+0000] {dagbag.py:387} ERROR - Failed to import: /opt/airflow/dags/dynamic_task_variable.py
Traceback (most recent call last):
  File "/home/airflow/.local/lib/python3.11/site-packages/airflow/models/dagbag.py", line 383, in parse
    loader.exec_module(new_module)
  File "<frozen importlib._bootstrap_external>", line 940, in exec_module
  File "<frozen importlib._bootstrap>", line 241, in _call_with_frames_removed
  File "/opt/airflow/dags/dynamic_task_variable.py", line 6, in <module>
    list_tables = Variable.get("dynamic_dag_list_tables", deserialize_json=True)
                  ^^^^^^^^^^^^^^^^^^^^^^^^^^^^^^^^^^^^^^^^^^^^^^^^^^^^^^^^^^^^^^
  File "/home/airflow/.local/lib/python3.11/site-packages/airflow/models/variable.py", line 145, in get
    raise KeyError(f"Variable {key} does not exist")
KeyError: 'Variable dynamic_dag_list_tables does not exist'
[2025-10-25T01:38:56.449+0000] {processor.py:927} WARNING - No viable dags retrieved from /opt/airflow/dags/dynamic_task_variable.py
[2025-10-25T01:38:56.460+0000] {processor.py:208} INFO - Processing /opt/airflow/dags/dynamic_task_variable.py took 0.060 seconds
[2025-10-25T01:39:27.029+0000] {processor.py:186} INFO - Started process (PID=453) to work on /opt/airflow/dags/dynamic_task_variable.py
[2025-10-25T01:39:27.030+0000] {processor.py:914} INFO - Processing file /opt/airflow/dags/dynamic_task_variable.py for tasks to queue
[2025-10-25T01:39:27.034+0000] {logging_mixin.py:190} INFO - [2025-10-25T01:39:27.033+0000] {dagbag.py:588} INFO - Filling up the DagBag from /opt/airflow/dags/dynamic_task_variable.py
[2025-10-25T01:39:27.076+0000] {processor.py:925} INFO - DAG(s) 'dynamic_task_variable' retrieved from /opt/airflow/dags/dynamic_task_variable.py
[2025-10-25T01:39:27.214+0000] {logging_mixin.py:190} INFO - [2025-10-25T01:39:27.213+0000] {override.py:1912} INFO - Created Permission View: can edit on DAG:dynamic_task_variable
[2025-10-25T01:39:27.241+0000] {logging_mixin.py:190} INFO - [2025-10-25T01:39:27.240+0000] {override.py:1912} INFO - Created Permission View: can delete on DAG:dynamic_task_variable
[2025-10-25T01:39:27.258+0000] {logging_mixin.py:190} INFO - [2025-10-25T01:39:27.258+0000] {override.py:1912} INFO - Created Permission View: can read on DAG:dynamic_task_variable
[2025-10-25T01:39:27.277+0000] {logging_mixin.py:190} INFO - [2025-10-25T01:39:27.277+0000] {override.py:1912} INFO - Created Permission View: can delete on DAG Run:dynamic_task_variable
[2025-10-25T01:39:27.290+0000] {logging_mixin.py:190} INFO - [2025-10-25T01:39:27.290+0000] {override.py:1912} INFO - Created Permission View: can create on DAG Run:dynamic_task_variable
[2025-10-25T01:39:27.298+0000] {logging_mixin.py:190} INFO - [2025-10-25T01:39:27.298+0000] {override.py:1912} INFO - Created Permission View: menu access on DAG Run:dynamic_task_variable
[2025-10-25T01:39:27.308+0000] {logging_mixin.py:190} INFO - [2025-10-25T01:39:27.308+0000] {override.py:1912} INFO - Created Permission View: can read on DAG Run:dynamic_task_variable
[2025-10-25T01:39:27.309+0000] {logging_mixin.py:190} INFO - [2025-10-25T01:39:27.308+0000] {dag.py:3239} INFO - Sync 1 DAGs
[2025-10-25T01:39:27.323+0000] {logging_mixin.py:190} INFO - [2025-10-25T01:39:27.323+0000] {dag.py:3262} INFO - Creating ORM DAG for dynamic_task_variable
[2025-10-25T01:39:27.333+0000] {logging_mixin.py:190} INFO - [2025-10-25T01:39:27.333+0000] {dag.py:4180} INFO - Setting next_dagrun for dynamic_task_variable to None, run_after=None
[2025-10-25T01:39:27.356+0000] {processor.py:208} INFO - Processing /opt/airflow/dags/dynamic_task_variable.py took 0.334 seconds
[2025-10-25T01:39:58.257+0000] {processor.py:186} INFO - Started process (PID=508) to work on /opt/airflow/dags/dynamic_task_variable.py
[2025-10-25T01:39:58.259+0000] {processor.py:914} INFO - Processing file /opt/airflow/dags/dynamic_task_variable.py for tasks to queue
[2025-10-25T01:39:58.263+0000] {logging_mixin.py:190} INFO - [2025-10-25T01:39:58.262+0000] {dagbag.py:588} INFO - Filling up the DagBag from /opt/airflow/dags/dynamic_task_variable.py
[2025-10-25T01:39:58.323+0000] {processor.py:925} INFO - DAG(s) 'dynamic_task_variable' retrieved from /opt/airflow/dags/dynamic_task_variable.py
[2025-10-25T01:39:58.351+0000] {logging_mixin.py:190} INFO - [2025-10-25T01:39:58.350+0000] {dag.py:3239} INFO - Sync 1 DAGs
[2025-10-25T01:39:58.379+0000] {logging_mixin.py:190} INFO - [2025-10-25T01:39:58.379+0000] {dag.py:4180} INFO - Setting next_dagrun for dynamic_task_variable to None, run_after=None
[2025-10-25T01:39:58.405+0000] {processor.py:208} INFO - Processing /opt/airflow/dags/dynamic_task_variable.py took 0.157 seconds
[2025-10-25T01:40:28.545+0000] {processor.py:186} INFO - Started process (PID=563) to work on /opt/airflow/dags/dynamic_task_variable.py
[2025-10-25T01:40:28.546+0000] {processor.py:914} INFO - Processing file /opt/airflow/dags/dynamic_task_variable.py for tasks to queue
[2025-10-25T01:40:28.549+0000] {logging_mixin.py:190} INFO - [2025-10-25T01:40:28.548+0000] {dagbag.py:588} INFO - Filling up the DagBag from /opt/airflow/dags/dynamic_task_variable.py
[2025-10-25T01:40:28.589+0000] {processor.py:925} INFO - DAG(s) 'dynamic_task_variable' retrieved from /opt/airflow/dags/dynamic_task_variable.py
[2025-10-25T01:40:28.612+0000] {logging_mixin.py:190} INFO - [2025-10-25T01:40:28.612+0000] {dag.py:3239} INFO - Sync 1 DAGs
[2025-10-25T01:40:28.637+0000] {logging_mixin.py:190} INFO - [2025-10-25T01:40:28.637+0000] {dag.py:4180} INFO - Setting next_dagrun for dynamic_task_variable to None, run_after=None
[2025-10-25T01:40:28.661+0000] {processor.py:208} INFO - Processing /opt/airflow/dags/dynamic_task_variable.py took 0.123 seconds
[2025-10-25T01:40:58.930+0000] {processor.py:186} INFO - Started process (PID=618) to work on /opt/airflow/dags/dynamic_task_variable.py
[2025-10-25T01:40:58.931+0000] {processor.py:914} INFO - Processing file /opt/airflow/dags/dynamic_task_variable.py for tasks to queue
[2025-10-25T01:40:58.933+0000] {logging_mixin.py:190} INFO - [2025-10-25T01:40:58.933+0000] {dagbag.py:588} INFO - Filling up the DagBag from /opt/airflow/dags/dynamic_task_variable.py
[2025-10-25T01:40:58.971+0000] {processor.py:925} INFO - DAG(s) 'dynamic_task_variable' retrieved from /opt/airflow/dags/dynamic_task_variable.py
[2025-10-25T01:40:58.990+0000] {logging_mixin.py:190} INFO - [2025-10-25T01:40:58.990+0000] {dag.py:3239} INFO - Sync 1 DAGs
[2025-10-25T01:40:59.010+0000] {logging_mixin.py:190} INFO - [2025-10-25T01:40:59.009+0000] {dag.py:4180} INFO - Setting next_dagrun for dynamic_task_variable to None, run_after=None
[2025-10-25T01:40:59.029+0000] {processor.py:208} INFO - Processing /opt/airflow/dags/dynamic_task_variable.py took 0.104 seconds
[2025-10-25T01:41:29.270+0000] {processor.py:186} INFO - Started process (PID=673) to work on /opt/airflow/dags/dynamic_task_variable.py
[2025-10-25T01:41:29.271+0000] {processor.py:914} INFO - Processing file /opt/airflow/dags/dynamic_task_variable.py for tasks to queue
[2025-10-25T01:41:29.273+0000] {logging_mixin.py:190} INFO - [2025-10-25T01:41:29.273+0000] {dagbag.py:588} INFO - Filling up the DagBag from /opt/airflow/dags/dynamic_task_variable.py
[2025-10-25T01:41:29.312+0000] {processor.py:925} INFO - DAG(s) 'dynamic_task_variable' retrieved from /opt/airflow/dags/dynamic_task_variable.py
[2025-10-25T01:41:29.336+0000] {logging_mixin.py:190} INFO - [2025-10-25T01:41:29.335+0000] {dag.py:3239} INFO - Sync 1 DAGs
[2025-10-25T01:41:29.356+0000] {logging_mixin.py:190} INFO - [2025-10-25T01:41:29.356+0000] {dag.py:4180} INFO - Setting next_dagrun for dynamic_task_variable to None, run_after=None
[2025-10-25T01:41:29.375+0000] {processor.py:208} INFO - Processing /opt/airflow/dags/dynamic_task_variable.py took 0.111 seconds
[2025-10-25T01:41:59.553+0000] {processor.py:186} INFO - Started process (PID=728) to work on /opt/airflow/dags/dynamic_task_variable.py
[2025-10-25T01:41:59.554+0000] {processor.py:914} INFO - Processing file /opt/airflow/dags/dynamic_task_variable.py for tasks to queue
[2025-10-25T01:41:59.557+0000] {logging_mixin.py:190} INFO - [2025-10-25T01:41:59.557+0000] {dagbag.py:588} INFO - Filling up the DagBag from /opt/airflow/dags/dynamic_task_variable.py
[2025-10-25T01:41:59.609+0000] {processor.py:925} INFO - DAG(s) 'dynamic_task_variable' retrieved from /opt/airflow/dags/dynamic_task_variable.py
[2025-10-25T01:41:59.635+0000] {logging_mixin.py:190} INFO - [2025-10-25T01:41:59.635+0000] {dag.py:3239} INFO - Sync 1 DAGs
[2025-10-25T01:41:59.663+0000] {logging_mixin.py:190} INFO - [2025-10-25T01:41:59.663+0000] {dag.py:4180} INFO - Setting next_dagrun for dynamic_task_variable to None, run_after=None
[2025-10-25T01:41:59.684+0000] {processor.py:208} INFO - Processing /opt/airflow/dags/dynamic_task_variable.py took 0.138 seconds
