[2025-10-25T01:37:23.661+0000] {processor.py:186} INFO - Started process (PID=225) to work on /opt/airflow/dags/dynamic_task_file.py
[2025-10-25T01:37:23.662+0000] {processor.py:914} INFO - Processing file /opt/airflow/dags/dynamic_task_file.py for tasks to queue
[2025-10-25T01:37:23.664+0000] {logging_mixin.py:190} INFO - [2025-10-25T01:37:23.664+0000] {dagbag.py:588} INFO - Filling up the DagBag from /opt/airflow/dags/dynamic_task_file.py
[2025-10-25T01:37:23.688+0000] {processor.py:925} INFO - DAG(s) 'dynamic_task_file' retrieved from /opt/airflow/dags/dynamic_task_file.py
[2025-10-25T01:37:23.814+0000] {logging_mixin.py:190} INFO - [2025-10-25T01:37:23.814+0000] {override.py:1912} INFO - Created Permission View: can edit on DAG:dynamic_task_file
[2025-10-25T01:37:23.826+0000] {logging_mixin.py:190} INFO - [2025-10-25T01:37:23.826+0000] {override.py:1912} INFO - Created Permission View: can delete on DAG:dynamic_task_file
[2025-10-25T01:37:23.836+0000] {logging_mixin.py:190} INFO - [2025-10-25T01:37:23.835+0000] {override.py:1912} INFO - Created Permission View: can read on DAG:dynamic_task_file
[2025-10-25T01:37:23.846+0000] {logging_mixin.py:190} INFO - [2025-10-25T01:37:23.846+0000] {override.py:1912} INFO - Created Permission View: can delete on DAG Run:dynamic_task_file
[2025-10-25T01:37:23.854+0000] {logging_mixin.py:190} INFO - [2025-10-25T01:37:23.854+0000] {override.py:1912} INFO - Created Permission View: can create on DAG Run:dynamic_task_file
[2025-10-25T01:37:23.861+0000] {logging_mixin.py:190} INFO - [2025-10-25T01:37:23.861+0000] {override.py:1912} INFO - Created Permission View: menu access on DAG Run:dynamic_task_file
[2025-10-25T01:37:23.868+0000] {logging_mixin.py:190} INFO - [2025-10-25T01:37:23.868+0000] {override.py:1912} INFO - Created Permission View: can read on DAG Run:dynamic_task_file
[2025-10-25T01:37:23.869+0000] {logging_mixin.py:190} INFO - [2025-10-25T01:37:23.869+0000] {dag.py:3239} INFO - Sync 1 DAGs
[2025-10-25T01:37:23.883+0000] {logging_mixin.py:190} INFO - [2025-10-25T01:37:23.883+0000] {dag.py:3262} INFO - Creating ORM DAG for dynamic_task_file
[2025-10-25T01:37:23.894+0000] {logging_mixin.py:190} INFO - [2025-10-25T01:37:23.894+0000] {dag.py:4180} INFO - Setting next_dagrun for dynamic_task_file to None, run_after=None
[2025-10-25T01:37:23.912+0000] {processor.py:208} INFO - Processing /opt/airflow/dags/dynamic_task_file.py took 0.257 seconds
[2025-10-25T01:37:54.279+0000] {processor.py:186} INFO - Started process (PID=277) to work on /opt/airflow/dags/dynamic_task_file.py
[2025-10-25T01:37:54.281+0000] {processor.py:914} INFO - Processing file /opt/airflow/dags/dynamic_task_file.py for tasks to queue
[2025-10-25T01:37:54.284+0000] {logging_mixin.py:190} INFO - [2025-10-25T01:37:54.283+0000] {dagbag.py:588} INFO - Filling up the DagBag from /opt/airflow/dags/dynamic_task_file.py
[2025-10-25T01:37:54.310+0000] {processor.py:925} INFO - DAG(s) 'dynamic_task_file' retrieved from /opt/airflow/dags/dynamic_task_file.py
[2025-10-25T01:37:54.348+0000] {logging_mixin.py:190} INFO - [2025-10-25T01:37:54.348+0000] {dag.py:3239} INFO - Sync 1 DAGs
[2025-10-25T01:37:54.376+0000] {logging_mixin.py:190} INFO - [2025-10-25T01:37:54.375+0000] {dag.py:4180} INFO - Setting next_dagrun for dynamic_task_file to None, run_after=None
[2025-10-25T01:37:54.400+0000] {processor.py:208} INFO - Processing /opt/airflow/dags/dynamic_task_file.py took 0.129 seconds
[2025-10-25T01:38:25.913+0000] {processor.py:186} INFO - Started process (PID=337) to work on /opt/airflow/dags/dynamic_task_file.py
[2025-10-25T01:38:25.914+0000] {processor.py:914} INFO - Processing file /opt/airflow/dags/dynamic_task_file.py for tasks to queue
[2025-10-25T01:38:25.917+0000] {logging_mixin.py:190} INFO - [2025-10-25T01:38:25.917+0000] {dagbag.py:588} INFO - Filling up the DagBag from /opt/airflow/dags/dynamic_task_file.py
[2025-10-25T01:38:25.946+0000] {processor.py:925} INFO - DAG(s) 'dynamic_task_file' retrieved from /opt/airflow/dags/dynamic_task_file.py
[2025-10-25T01:38:25.991+0000] {logging_mixin.py:190} INFO - [2025-10-25T01:38:25.991+0000] {dag.py:3239} INFO - Sync 1 DAGs
[2025-10-25T01:38:26.026+0000] {logging_mixin.py:190} INFO - [2025-10-25T01:38:26.026+0000] {dag.py:4180} INFO - Setting next_dagrun for dynamic_task_file to None, run_after=None
[2025-10-25T01:38:26.049+0000] {processor.py:208} INFO - Processing /opt/airflow/dags/dynamic_task_file.py took 0.144 seconds
[2025-10-25T01:38:56.249+0000] {processor.py:186} INFO - Started process (PID=392) to work on /opt/airflow/dags/dynamic_task_file.py
[2025-10-25T01:38:56.251+0000] {processor.py:914} INFO - Processing file /opt/airflow/dags/dynamic_task_file.py for tasks to queue
[2025-10-25T01:38:56.254+0000] {logging_mixin.py:190} INFO - [2025-10-25T01:38:56.254+0000] {dagbag.py:588} INFO - Filling up the DagBag from /opt/airflow/dags/dynamic_task_file.py
[2025-10-25T01:38:56.282+0000] {processor.py:925} INFO - DAG(s) 'dynamic_task_file' retrieved from /opt/airflow/dags/dynamic_task_file.py
[2025-10-25T01:38:56.319+0000] {logging_mixin.py:190} INFO - [2025-10-25T01:38:56.318+0000] {dag.py:3239} INFO - Sync 1 DAGs
[2025-10-25T01:38:56.342+0000] {logging_mixin.py:190} INFO - [2025-10-25T01:38:56.341+0000] {dag.py:4180} INFO - Setting next_dagrun for dynamic_task_file to None, run_after=None
[2025-10-25T01:38:56.362+0000] {processor.py:208} INFO - Processing /opt/airflow/dags/dynamic_task_file.py took 0.119 seconds
[2025-10-25T01:39:26.854+0000] {processor.py:186} INFO - Started process (PID=448) to work on /opt/airflow/dags/dynamic_task_file.py
[2025-10-25T01:39:26.855+0000] {processor.py:914} INFO - Processing file /opt/airflow/dags/dynamic_task_file.py for tasks to queue
[2025-10-25T01:39:26.857+0000] {logging_mixin.py:190} INFO - [2025-10-25T01:39:26.857+0000] {dagbag.py:588} INFO - Filling up the DagBag from /opt/airflow/dags/dynamic_task_file.py
[2025-10-25T01:39:26.882+0000] {processor.py:925} INFO - DAG(s) 'dynamic_task_file' retrieved from /opt/airflow/dags/dynamic_task_file.py
[2025-10-25T01:39:26.928+0000] {logging_mixin.py:190} INFO - [2025-10-25T01:39:26.927+0000] {dag.py:3239} INFO - Sync 1 DAGs
[2025-10-25T01:39:26.960+0000] {logging_mixin.py:190} INFO - [2025-10-25T01:39:26.960+0000] {dag.py:4180} INFO - Setting next_dagrun for dynamic_task_file to None, run_after=None
[2025-10-25T01:39:26.983+0000] {processor.py:208} INFO - Processing /opt/airflow/dags/dynamic_task_file.py took 0.137 seconds
[2025-10-25T01:39:58.154+0000] {processor.py:186} INFO - Started process (PID=503) to work on /opt/airflow/dags/dynamic_task_file.py
[2025-10-25T01:39:58.155+0000] {processor.py:914} INFO - Processing file /opt/airflow/dags/dynamic_task_file.py for tasks to queue
[2025-10-25T01:39:58.157+0000] {logging_mixin.py:190} INFO - [2025-10-25T01:39:58.157+0000] {dagbag.py:588} INFO - Filling up the DagBag from /opt/airflow/dags/dynamic_task_file.py
[2025-10-25T01:39:58.187+0000] {processor.py:925} INFO - DAG(s) 'dynamic_task_file' retrieved from /opt/airflow/dags/dynamic_task_file.py
[2025-10-25T01:39:58.229+0000] {logging_mixin.py:190} INFO - [2025-10-25T01:39:58.228+0000] {dag.py:3239} INFO - Sync 1 DAGs
[2025-10-25T01:39:58.262+0000] {logging_mixin.py:190} INFO - [2025-10-25T01:39:58.261+0000] {dag.py:4180} INFO - Setting next_dagrun for dynamic_task_file to None, run_after=None
[2025-10-25T01:39:58.293+0000] {processor.py:208} INFO - Processing /opt/airflow/dags/dynamic_task_file.py took 0.147 seconds
[2025-10-25T01:40:28.534+0000] {processor.py:186} INFO - Started process (PID=560) to work on /opt/airflow/dags/dynamic_task_file.py
[2025-10-25T01:40:28.535+0000] {processor.py:914} INFO - Processing file /opt/airflow/dags/dynamic_task_file.py for tasks to queue
[2025-10-25T01:40:28.537+0000] {logging_mixin.py:190} INFO - [2025-10-25T01:40:28.537+0000] {dagbag.py:588} INFO - Filling up the DagBag from /opt/airflow/dags/dynamic_task_file.py
[2025-10-25T01:40:28.563+0000] {processor.py:925} INFO - DAG(s) 'dynamic_task_file' retrieved from /opt/airflow/dags/dynamic_task_file.py
[2025-10-25T01:40:28.600+0000] {logging_mixin.py:190} INFO - [2025-10-25T01:40:28.600+0000] {dag.py:3239} INFO - Sync 1 DAGs
[2025-10-25T01:40:28.630+0000] {logging_mixin.py:190} INFO - [2025-10-25T01:40:28.629+0000] {dag.py:4180} INFO - Setting next_dagrun for dynamic_task_file to None, run_after=None
[2025-10-25T01:40:28.654+0000] {processor.py:208} INFO - Processing /opt/airflow/dags/dynamic_task_file.py took 0.127 seconds
[2025-10-25T01:40:58.871+0000] {processor.py:186} INFO - Started process (PID=613) to work on /opt/airflow/dags/dynamic_task_file.py
[2025-10-25T01:40:58.872+0000] {processor.py:914} INFO - Processing file /opt/airflow/dags/dynamic_task_file.py for tasks to queue
[2025-10-25T01:40:58.875+0000] {logging_mixin.py:190} INFO - [2025-10-25T01:40:58.875+0000] {dagbag.py:588} INFO - Filling up the DagBag from /opt/airflow/dags/dynamic_task_file.py
[2025-10-25T01:40:58.900+0000] {processor.py:925} INFO - DAG(s) 'dynamic_task_file' retrieved from /opt/airflow/dags/dynamic_task_file.py
[2025-10-25T01:40:58.930+0000] {logging_mixin.py:190} INFO - [2025-10-25T01:40:58.930+0000] {dag.py:3239} INFO - Sync 1 DAGs
[2025-10-25T01:40:58.951+0000] {logging_mixin.py:190} INFO - [2025-10-25T01:40:58.951+0000] {dag.py:4180} INFO - Setting next_dagrun for dynamic_task_file to None, run_after=None
[2025-10-25T01:40:58.971+0000] {processor.py:208} INFO - Processing /opt/airflow/dags/dynamic_task_file.py took 0.106 seconds
[2025-10-25T01:41:29.218+0000] {processor.py:186} INFO - Started process (PID=668) to work on /opt/airflow/dags/dynamic_task_file.py
[2025-10-25T01:41:29.219+0000] {processor.py:914} INFO - Processing file /opt/airflow/dags/dynamic_task_file.py for tasks to queue
[2025-10-25T01:41:29.222+0000] {logging_mixin.py:190} INFO - [2025-10-25T01:41:29.222+0000] {dagbag.py:588} INFO - Filling up the DagBag from /opt/airflow/dags/dynamic_task_file.py
[2025-10-25T01:41:29.247+0000] {processor.py:925} INFO - DAG(s) 'dynamic_task_file' retrieved from /opt/airflow/dags/dynamic_task_file.py
[2025-10-25T01:41:29.278+0000] {logging_mixin.py:190} INFO - [2025-10-25T01:41:29.278+0000] {dag.py:3239} INFO - Sync 1 DAGs
[2025-10-25T01:41:29.299+0000] {logging_mixin.py:190} INFO - [2025-10-25T01:41:29.298+0000] {dag.py:4180} INFO - Setting next_dagrun for dynamic_task_file to None, run_after=None
[2025-10-25T01:41:29.323+0000] {processor.py:208} INFO - Processing /opt/airflow/dags/dynamic_task_file.py took 0.112 seconds
[2025-10-25T01:41:59.509+0000] {processor.py:186} INFO - Started process (PID=723) to work on /opt/airflow/dags/dynamic_task_file.py
[2025-10-25T01:41:59.510+0000] {processor.py:914} INFO - Processing file /opt/airflow/dags/dynamic_task_file.py for tasks to queue
[2025-10-25T01:41:59.513+0000] {logging_mixin.py:190} INFO - [2025-10-25T01:41:59.513+0000] {dagbag.py:588} INFO - Filling up the DagBag from /opt/airflow/dags/dynamic_task_file.py
[2025-10-25T01:41:59.545+0000] {processor.py:925} INFO - DAG(s) 'dynamic_task_file' retrieved from /opt/airflow/dags/dynamic_task_file.py
[2025-10-25T01:41:59.588+0000] {logging_mixin.py:190} INFO - [2025-10-25T01:41:59.588+0000] {dag.py:3239} INFO - Sync 1 DAGs
[2025-10-25T01:41:59.620+0000] {logging_mixin.py:190} INFO - [2025-10-25T01:41:59.619+0000] {dag.py:4180} INFO - Setting next_dagrun for dynamic_task_file to None, run_after=None
[2025-10-25T01:41:59.643+0000] {processor.py:208} INFO - Processing /opt/airflow/dags/dynamic_task_file.py took 0.143 seconds
