[2025-10-25T01:37:23.566+0000] {processor.py:186} INFO - Started process (PID=220) to work on /opt/airflow/dags/dynamic_dag_variable.py
[2025-10-25T01:37:23.567+0000] {processor.py:914} INFO - Processing file /opt/airflow/dags/dynamic_dag_variable.py for tasks to queue
[2025-10-25T01:37:23.569+0000] {logging_mixin.py:190} INFO - [2025-10-25T01:37:23.569+0000] {dagbag.py:588} INFO - Filling up the DagBag from /opt/airflow/dags/dynamic_dag_variable.py
[2025-10-25T01:37:23.604+0000] {logging_mixin.py:190} INFO - [2025-10-25T01:37:23.600+0000] {dagbag.py:387} ERROR - Failed to import: /opt/airflow/dags/dynamic_dag_variable.py
Traceback (most recent call last):
  File "/home/airflow/.local/lib/python3.11/site-packages/airflow/models/dagbag.py", line 383, in parse
    loader.exec_module(new_module)
  File "<frozen importlib._bootstrap_external>", line 940, in exec_module
  File "<frozen importlib._bootstrap>", line 241, in _call_with_frames_removed
  File "/opt/airflow/dags/dynamic_dag_variable.py", line 6, in <module>
    list_tables = Variable.get("dynamic_dag_list_tables", deserialize_json=True)
                  ^^^^^^^^^^^^^^^^^^^^^^^^^^^^^^^^^^^^^^^^^^^^^^^^^^^^^^^^^^^^^^
  File "/home/airflow/.local/lib/python3.11/site-packages/airflow/models/variable.py", line 145, in get
    raise KeyError(f"Variable {key} does not exist")
KeyError: 'Variable dynamic_dag_list_tables does not exist'
[2025-10-25T01:37:23.605+0000] {processor.py:927} WARNING - No viable dags retrieved from /opt/airflow/dags/dynamic_dag_variable.py
[2025-10-25T01:37:23.618+0000] {processor.py:208} INFO - Processing /opt/airflow/dags/dynamic_dag_variable.py took 0.057 seconds
[2025-10-25T01:37:54.195+0000] {processor.py:186} INFO - Started process (PID=270) to work on /opt/airflow/dags/dynamic_dag_variable.py
[2025-10-25T01:37:54.196+0000] {processor.py:914} INFO - Processing file /opt/airflow/dags/dynamic_dag_variable.py for tasks to queue
[2025-10-25T01:37:54.199+0000] {logging_mixin.py:190} INFO - [2025-10-25T01:37:54.199+0000] {dagbag.py:588} INFO - Filling up the DagBag from /opt/airflow/dags/dynamic_dag_variable.py
[2025-10-25T01:37:54.233+0000] {logging_mixin.py:190} INFO - [2025-10-25T01:37:54.229+0000] {dagbag.py:387} ERROR - Failed to import: /opt/airflow/dags/dynamic_dag_variable.py
Traceback (most recent call last):
  File "/home/airflow/.local/lib/python3.11/site-packages/airflow/models/dagbag.py", line 383, in parse
    loader.exec_module(new_module)
  File "<frozen importlib._bootstrap_external>", line 940, in exec_module
  File "<frozen importlib._bootstrap>", line 241, in _call_with_frames_removed
  File "/opt/airflow/dags/dynamic_dag_variable.py", line 6, in <module>
    list_tables = Variable.get("dynamic_dag_list_tables", deserialize_json=True)
                  ^^^^^^^^^^^^^^^^^^^^^^^^^^^^^^^^^^^^^^^^^^^^^^^^^^^^^^^^^^^^^^
  File "/home/airflow/.local/lib/python3.11/site-packages/airflow/models/variable.py", line 145, in get
    raise KeyError(f"Variable {key} does not exist")
KeyError: 'Variable dynamic_dag_list_tables does not exist'
[2025-10-25T01:37:54.234+0000] {processor.py:927} WARNING - No viable dags retrieved from /opt/airflow/dags/dynamic_dag_variable.py
[2025-10-25T01:37:54.248+0000] {processor.py:208} INFO - Processing /opt/airflow/dags/dynamic_dag_variable.py took 0.059 seconds
[2025-10-25T01:38:25.797+0000] {processor.py:186} INFO - Started process (PID=330) to work on /opt/airflow/dags/dynamic_dag_variable.py
[2025-10-25T01:38:25.799+0000] {processor.py:914} INFO - Processing file /opt/airflow/dags/dynamic_dag_variable.py for tasks to queue
[2025-10-25T01:38:25.802+0000] {logging_mixin.py:190} INFO - [2025-10-25T01:38:25.802+0000] {dagbag.py:588} INFO - Filling up the DagBag from /opt/airflow/dags/dynamic_dag_variable.py
[2025-10-25T01:38:25.844+0000] {logging_mixin.py:190} INFO - [2025-10-25T01:38:25.839+0000] {dagbag.py:387} ERROR - Failed to import: /opt/airflow/dags/dynamic_dag_variable.py
Traceback (most recent call last):
  File "/home/airflow/.local/lib/python3.11/site-packages/airflow/models/dagbag.py", line 383, in parse
    loader.exec_module(new_module)
  File "<frozen importlib._bootstrap_external>", line 940, in exec_module
  File "<frozen importlib._bootstrap>", line 241, in _call_with_frames_removed
  File "/opt/airflow/dags/dynamic_dag_variable.py", line 6, in <module>
    list_tables = Variable.get("dynamic_dag_list_tables", deserialize_json=True)
                  ^^^^^^^^^^^^^^^^^^^^^^^^^^^^^^^^^^^^^^^^^^^^^^^^^^^^^^^^^^^^^^
  File "/home/airflow/.local/lib/python3.11/site-packages/airflow/models/variable.py", line 145, in get
    raise KeyError(f"Variable {key} does not exist")
KeyError: 'Variable dynamic_dag_list_tables does not exist'
[2025-10-25T01:38:25.845+0000] {processor.py:927} WARNING - No viable dags retrieved from /opt/airflow/dags/dynamic_dag_variable.py
[2025-10-25T01:38:25.859+0000] {processor.py:208} INFO - Processing /opt/airflow/dags/dynamic_dag_variable.py took 0.069 seconds
[2025-10-25T01:38:56.151+0000] {processor.py:186} INFO - Started process (PID=385) to work on /opt/airflow/dags/dynamic_dag_variable.py
[2025-10-25T01:38:56.152+0000] {processor.py:914} INFO - Processing file /opt/airflow/dags/dynamic_dag_variable.py for tasks to queue
[2025-10-25T01:38:56.155+0000] {logging_mixin.py:190} INFO - [2025-10-25T01:38:56.154+0000] {dagbag.py:588} INFO - Filling up the DagBag from /opt/airflow/dags/dynamic_dag_variable.py
[2025-10-25T01:38:56.190+0000] {logging_mixin.py:190} INFO - [2025-10-25T01:38:56.185+0000] {dagbag.py:387} ERROR - Failed to import: /opt/airflow/dags/dynamic_dag_variable.py
Traceback (most recent call last):
  File "/home/airflow/.local/lib/python3.11/site-packages/airflow/models/dagbag.py", line 383, in parse
    loader.exec_module(new_module)
  File "<frozen importlib._bootstrap_external>", line 940, in exec_module
  File "<frozen importlib._bootstrap>", line 241, in _call_with_frames_removed
  File "/opt/airflow/dags/dynamic_dag_variable.py", line 6, in <module>
    list_tables = Variable.get("dynamic_dag_list_tables", deserialize_json=True)
                  ^^^^^^^^^^^^^^^^^^^^^^^^^^^^^^^^^^^^^^^^^^^^^^^^^^^^^^^^^^^^^^
  File "/home/airflow/.local/lib/python3.11/site-packages/airflow/models/variable.py", line 145, in get
    raise KeyError(f"Variable {key} does not exist")
KeyError: 'Variable dynamic_dag_list_tables does not exist'
[2025-10-25T01:38:56.192+0000] {processor.py:927} WARNING - No viable dags retrieved from /opt/airflow/dags/dynamic_dag_variable.py
[2025-10-25T01:38:56.202+0000] {processor.py:208} INFO - Processing /opt/airflow/dags/dynamic_dag_variable.py took 0.058 seconds
[2025-10-25T01:39:26.667+0000] {processor.py:186} INFO - Started process (PID=443) to work on /opt/airflow/dags/dynamic_dag_variable.py
[2025-10-25T01:39:26.668+0000] {processor.py:914} INFO - Processing file /opt/airflow/dags/dynamic_dag_variable.py for tasks to queue
[2025-10-25T01:39:26.672+0000] {logging_mixin.py:190} INFO - [2025-10-25T01:39:26.671+0000] {dagbag.py:588} INFO - Filling up the DagBag from /opt/airflow/dags/dynamic_dag_variable.py
[2025-10-25T01:39:26.717+0000] {processor.py:925} INFO - DAG(s) 'dynamic_dag_variable_el_table_customers', 'dynamic_dag_variable_el_table_orders', 'dynamic_dag_variable_el_table_order_details', 'dynamic_dag_variable_el_table_products' retrieved from /opt/airflow/dags/dynamic_dag_variable.py
[2025-10-25T01:39:26.837+0000] {logging_mixin.py:190} INFO - [2025-10-25T01:39:26.836+0000] {override.py:1912} INFO - Created Permission View: can edit on DAG:dynamic_dag_variable_el_table_customers
[2025-10-25T01:39:26.850+0000] {logging_mixin.py:190} INFO - [2025-10-25T01:39:26.850+0000] {override.py:1912} INFO - Created Permission View: can delete on DAG:dynamic_dag_variable_el_table_customers
[2025-10-25T01:39:26.857+0000] {logging_mixin.py:190} INFO - [2025-10-25T01:39:26.857+0000] {override.py:1912} INFO - Created Permission View: can read on DAG:dynamic_dag_variable_el_table_customers
[2025-10-25T01:39:26.868+0000] {logging_mixin.py:190} INFO - [2025-10-25T01:39:26.867+0000] {override.py:1912} INFO - Created Permission View: can delete on DAG Run:dynamic_dag_variable_el_table_customers
[2025-10-25T01:39:26.876+0000] {logging_mixin.py:190} INFO - [2025-10-25T01:39:26.875+0000] {override.py:1912} INFO - Created Permission View: can create on DAG Run:dynamic_dag_variable_el_table_customers
[2025-10-25T01:39:26.883+0000] {logging_mixin.py:190} INFO - [2025-10-25T01:39:26.883+0000] {override.py:1912} INFO - Created Permission View: menu access on DAG Run:dynamic_dag_variable_el_table_customers
[2025-10-25T01:39:26.891+0000] {logging_mixin.py:190} INFO - [2025-10-25T01:39:26.891+0000] {override.py:1912} INFO - Created Permission View: can read on DAG Run:dynamic_dag_variable_el_table_customers
[2025-10-25T01:39:26.907+0000] {logging_mixin.py:190} INFO - [2025-10-25T01:39:26.907+0000] {override.py:1912} INFO - Created Permission View: can edit on DAG:dynamic_dag_variable_el_table_orders
[2025-10-25T01:39:26.917+0000] {logging_mixin.py:190} INFO - [2025-10-25T01:39:26.917+0000] {override.py:1912} INFO - Created Permission View: can delete on DAG:dynamic_dag_variable_el_table_orders
[2025-10-25T01:39:26.926+0000] {logging_mixin.py:190} INFO - [2025-10-25T01:39:26.926+0000] {override.py:1912} INFO - Created Permission View: can read on DAG:dynamic_dag_variable_el_table_orders
[2025-10-25T01:39:26.936+0000] {logging_mixin.py:190} INFO - [2025-10-25T01:39:26.935+0000] {override.py:1912} INFO - Created Permission View: can delete on DAG Run:dynamic_dag_variable_el_table_orders
[2025-10-25T01:39:26.945+0000] {logging_mixin.py:190} INFO - [2025-10-25T01:39:26.945+0000] {override.py:1912} INFO - Created Permission View: can create on DAG Run:dynamic_dag_variable_el_table_orders
[2025-10-25T01:39:26.955+0000] {logging_mixin.py:190} INFO - [2025-10-25T01:39:26.955+0000] {override.py:1912} INFO - Created Permission View: menu access on DAG Run:dynamic_dag_variable_el_table_orders
[2025-10-25T01:39:26.965+0000] {logging_mixin.py:190} INFO - [2025-10-25T01:39:26.964+0000] {override.py:1912} INFO - Created Permission View: can read on DAG Run:dynamic_dag_variable_el_table_orders
[2025-10-25T01:39:26.981+0000] {logging_mixin.py:190} INFO - [2025-10-25T01:39:26.980+0000] {override.py:1912} INFO - Created Permission View: can edit on DAG:dynamic_dag_variable_el_table_order_details
[2025-10-25T01:39:26.989+0000] {logging_mixin.py:190} INFO - [2025-10-25T01:39:26.989+0000] {override.py:1912} INFO - Created Permission View: can delete on DAG:dynamic_dag_variable_el_table_order_details
[2025-10-25T01:39:27.000+0000] {logging_mixin.py:190} INFO - [2025-10-25T01:39:27.000+0000] {override.py:1912} INFO - Created Permission View: can read on DAG:dynamic_dag_variable_el_table_order_details
[2025-10-25T01:39:27.012+0000] {logging_mixin.py:190} INFO - [2025-10-25T01:39:27.012+0000] {override.py:1912} INFO - Created Permission View: can delete on DAG Run:dynamic_dag_variable_el_table_order_details
[2025-10-25T01:39:27.020+0000] {logging_mixin.py:190} INFO - [2025-10-25T01:39:27.020+0000] {override.py:1912} INFO - Created Permission View: can create on DAG Run:dynamic_dag_variable_el_table_order_details
[2025-10-25T01:39:27.028+0000] {logging_mixin.py:190} INFO - [2025-10-25T01:39:27.028+0000] {override.py:1912} INFO - Created Permission View: menu access on DAG Run:dynamic_dag_variable_el_table_order_details
[2025-10-25T01:39:27.036+0000] {logging_mixin.py:190} INFO - [2025-10-25T01:39:27.036+0000] {override.py:1912} INFO - Created Permission View: can read on DAG Run:dynamic_dag_variable_el_table_order_details
[2025-10-25T01:39:27.054+0000] {logging_mixin.py:190} INFO - [2025-10-25T01:39:27.053+0000] {override.py:1912} INFO - Created Permission View: can edit on DAG:dynamic_dag_variable_el_table_products
[2025-10-25T01:39:27.062+0000] {logging_mixin.py:190} INFO - [2025-10-25T01:39:27.061+0000] {override.py:1912} INFO - Created Permission View: can delete on DAG:dynamic_dag_variable_el_table_products
[2025-10-25T01:39:27.068+0000] {logging_mixin.py:190} INFO - [2025-10-25T01:39:27.068+0000] {override.py:1912} INFO - Created Permission View: can read on DAG:dynamic_dag_variable_el_table_products
[2025-10-25T01:39:27.078+0000] {logging_mixin.py:190} INFO - [2025-10-25T01:39:27.078+0000] {override.py:1912} INFO - Created Permission View: can delete on DAG Run:dynamic_dag_variable_el_table_products
[2025-10-25T01:39:27.086+0000] {logging_mixin.py:190} INFO - [2025-10-25T01:39:27.086+0000] {override.py:1912} INFO - Created Permission View: can create on DAG Run:dynamic_dag_variable_el_table_products
[2025-10-25T01:39:27.098+0000] {logging_mixin.py:190} INFO - [2025-10-25T01:39:27.098+0000] {override.py:1912} INFO - Created Permission View: menu access on DAG Run:dynamic_dag_variable_el_table_products
[2025-10-25T01:39:27.108+0000] {logging_mixin.py:190} INFO - [2025-10-25T01:39:27.108+0000] {override.py:1912} INFO - Created Permission View: can read on DAG Run:dynamic_dag_variable_el_table_products
[2025-10-25T01:39:27.109+0000] {logging_mixin.py:190} INFO - [2025-10-25T01:39:27.109+0000] {dag.py:3239} INFO - Sync 4 DAGs
[2025-10-25T01:39:27.124+0000] {logging_mixin.py:190} INFO - [2025-10-25T01:39:27.124+0000] {dag.py:3262} INFO - Creating ORM DAG for dynamic_dag_variable_el_table_customers
[2025-10-25T01:39:27.126+0000] {logging_mixin.py:190} INFO - [2025-10-25T01:39:27.125+0000] {dag.py:3262} INFO - Creating ORM DAG for dynamic_dag_variable_el_table_products
[2025-10-25T01:39:27.127+0000] {logging_mixin.py:190} INFO - [2025-10-25T01:39:27.126+0000] {dag.py:3262} INFO - Creating ORM DAG for dynamic_dag_variable_el_table_orders
[2025-10-25T01:39:27.127+0000] {logging_mixin.py:190} INFO - [2025-10-25T01:39:27.127+0000] {dag.py:3262} INFO - Creating ORM DAG for dynamic_dag_variable_el_table_order_details
[2025-10-25T01:39:27.138+0000] {logging_mixin.py:190} INFO - [2025-10-25T01:39:27.138+0000] {dag.py:4180} INFO - Setting next_dagrun for dynamic_dag_variable_el_table_customers to None, run_after=None
[2025-10-25T01:39:27.139+0000] {logging_mixin.py:190} INFO - [2025-10-25T01:39:27.138+0000] {dag.py:4180} INFO - Setting next_dagrun for dynamic_dag_variable_el_table_order_details to None, run_after=None
[2025-10-25T01:39:27.139+0000] {logging_mixin.py:190} INFO - [2025-10-25T01:39:27.139+0000] {dag.py:4180} INFO - Setting next_dagrun for dynamic_dag_variable_el_table_orders to None, run_after=None
[2025-10-25T01:39:27.140+0000] {logging_mixin.py:190} INFO - [2025-10-25T01:39:27.140+0000] {dag.py:4180} INFO - Setting next_dagrun for dynamic_dag_variable_el_table_products to None, run_after=None
[2025-10-25T01:39:27.169+0000] {processor.py:208} INFO - Processing /opt/airflow/dags/dynamic_dag_variable.py took 0.509 seconds
[2025-10-25T01:39:58.063+0000] {processor.py:186} INFO - Started process (PID=498) to work on /opt/airflow/dags/dynamic_dag_variable.py
[2025-10-25T01:39:58.064+0000] {processor.py:914} INFO - Processing file /opt/airflow/dags/dynamic_dag_variable.py for tasks to queue
[2025-10-25T01:39:58.066+0000] {logging_mixin.py:190} INFO - [2025-10-25T01:39:58.066+0000] {dagbag.py:588} INFO - Filling up the DagBag from /opt/airflow/dags/dynamic_dag_variable.py
[2025-10-25T01:39:58.106+0000] {processor.py:925} INFO - DAG(s) 'dynamic_dag_variable_el_table_products', 'dynamic_dag_variable_el_table_order_details', 'dynamic_dag_variable_el_table_orders', 'dynamic_dag_variable_el_table_customers' retrieved from /opt/airflow/dags/dynamic_dag_variable.py
[2025-10-25T01:39:58.143+0000] {logging_mixin.py:190} INFO - [2025-10-25T01:39:58.143+0000] {dag.py:3239} INFO - Sync 4 DAGs
[2025-10-25T01:39:58.168+0000] {logging_mixin.py:190} INFO - [2025-10-25T01:39:58.168+0000] {dag.py:4180} INFO - Setting next_dagrun for dynamic_dag_variable_el_table_customers to None, run_after=None
[2025-10-25T01:39:58.173+0000] {logging_mixin.py:190} INFO - [2025-10-25T01:39:58.173+0000] {dag.py:4180} INFO - Setting next_dagrun for dynamic_dag_variable_el_table_order_details to None, run_after=None
[2025-10-25T01:39:58.175+0000] {logging_mixin.py:190} INFO - [2025-10-25T01:39:58.175+0000] {dag.py:4180} INFO - Setting next_dagrun for dynamic_dag_variable_el_table_orders to None, run_after=None
[2025-10-25T01:39:58.177+0000] {logging_mixin.py:190} INFO - [2025-10-25T01:39:58.176+0000] {dag.py:4180} INFO - Setting next_dagrun for dynamic_dag_variable_el_table_products to None, run_after=None
[2025-10-25T01:39:58.203+0000] {processor.py:208} INFO - Processing /opt/airflow/dags/dynamic_dag_variable.py took 0.147 seconds
[2025-10-25T01:40:28.357+0000] {processor.py:186} INFO - Started process (PID=555) to work on /opt/airflow/dags/dynamic_dag_variable.py
[2025-10-25T01:40:28.358+0000] {processor.py:914} INFO - Processing file /opt/airflow/dags/dynamic_dag_variable.py for tasks to queue
[2025-10-25T01:40:28.361+0000] {logging_mixin.py:190} INFO - [2025-10-25T01:40:28.361+0000] {dagbag.py:588} INFO - Filling up the DagBag from /opt/airflow/dags/dynamic_dag_variable.py
[2025-10-25T01:40:28.399+0000] {processor.py:925} INFO - DAG(s) 'dynamic_dag_variable_el_table_orders', 'dynamic_dag_variable_el_table_products', 'dynamic_dag_variable_el_table_order_details', 'dynamic_dag_variable_el_table_customers' retrieved from /opt/airflow/dags/dynamic_dag_variable.py
[2025-10-25T01:40:28.428+0000] {logging_mixin.py:190} INFO - [2025-10-25T01:40:28.428+0000] {dag.py:3239} INFO - Sync 4 DAGs
[2025-10-25T01:40:28.451+0000] {logging_mixin.py:190} INFO - [2025-10-25T01:40:28.451+0000] {dag.py:4180} INFO - Setting next_dagrun for dynamic_dag_variable_el_table_customers to None, run_after=None
[2025-10-25T01:40:28.456+0000] {logging_mixin.py:190} INFO - [2025-10-25T01:40:28.456+0000] {dag.py:4180} INFO - Setting next_dagrun for dynamic_dag_variable_el_table_order_details to None, run_after=None
[2025-10-25T01:40:28.457+0000] {logging_mixin.py:190} INFO - [2025-10-25T01:40:28.457+0000] {dag.py:4180} INFO - Setting next_dagrun for dynamic_dag_variable_el_table_orders to None, run_after=None
[2025-10-25T01:40:28.459+0000] {logging_mixin.py:190} INFO - [2025-10-25T01:40:28.459+0000] {dag.py:4180} INFO - Setting next_dagrun for dynamic_dag_variable_el_table_products to None, run_after=None
[2025-10-25T01:40:28.478+0000] {processor.py:208} INFO - Processing /opt/airflow/dags/dynamic_dag_variable.py took 0.130 seconds
[2025-10-25T01:40:58.775+0000] {processor.py:186} INFO - Started process (PID=608) to work on /opt/airflow/dags/dynamic_dag_variable.py
[2025-10-25T01:40:58.776+0000] {processor.py:914} INFO - Processing file /opt/airflow/dags/dynamic_dag_variable.py for tasks to queue
[2025-10-25T01:40:58.779+0000] {logging_mixin.py:190} INFO - [2025-10-25T01:40:58.779+0000] {dagbag.py:588} INFO - Filling up the DagBag from /opt/airflow/dags/dynamic_dag_variable.py
[2025-10-25T01:40:58.819+0000] {processor.py:925} INFO - DAG(s) 'dynamic_dag_variable_el_table_order_details', 'dynamic_dag_variable_el_table_orders', 'dynamic_dag_variable_el_table_customers', 'dynamic_dag_variable_el_table_products' retrieved from /opt/airflow/dags/dynamic_dag_variable.py
[2025-10-25T01:40:58.845+0000] {logging_mixin.py:190} INFO - [2025-10-25T01:40:58.845+0000] {dag.py:3239} INFO - Sync 4 DAGs
[2025-10-25T01:40:58.865+0000] {logging_mixin.py:190} INFO - [2025-10-25T01:40:58.864+0000] {dag.py:4180} INFO - Setting next_dagrun for dynamic_dag_variable_el_table_customers to None, run_after=None
[2025-10-25T01:40:58.868+0000] {logging_mixin.py:190} INFO - [2025-10-25T01:40:58.868+0000] {dag.py:4180} INFO - Setting next_dagrun for dynamic_dag_variable_el_table_order_details to None, run_after=None
[2025-10-25T01:40:58.869+0000] {logging_mixin.py:190} INFO - [2025-10-25T01:40:58.869+0000] {dag.py:4180} INFO - Setting next_dagrun for dynamic_dag_variable_el_table_orders to None, run_after=None
[2025-10-25T01:40:58.870+0000] {logging_mixin.py:190} INFO - [2025-10-25T01:40:58.870+0000] {dag.py:4180} INFO - Setting next_dagrun for dynamic_dag_variable_el_table_products to None, run_after=None
[2025-10-25T01:40:58.888+0000] {processor.py:208} INFO - Processing /opt/airflow/dags/dynamic_dag_variable.py took 0.121 seconds
[2025-10-25T01:41:29.102+0000] {processor.py:186} INFO - Started process (PID=663) to work on /opt/airflow/dags/dynamic_dag_variable.py
[2025-10-25T01:41:29.103+0000] {processor.py:914} INFO - Processing file /opt/airflow/dags/dynamic_dag_variable.py for tasks to queue
[2025-10-25T01:41:29.106+0000] {logging_mixin.py:190} INFO - [2025-10-25T01:41:29.106+0000] {dagbag.py:588} INFO - Filling up the DagBag from /opt/airflow/dags/dynamic_dag_variable.py
[2025-10-25T01:41:29.142+0000] {processor.py:925} INFO - DAG(s) 'dynamic_dag_variable_el_table_orders', 'dynamic_dag_variable_el_table_customers', 'dynamic_dag_variable_el_table_order_details', 'dynamic_dag_variable_el_table_products' retrieved from /opt/airflow/dags/dynamic_dag_variable.py
[2025-10-25T01:41:29.171+0000] {logging_mixin.py:190} INFO - [2025-10-25T01:41:29.171+0000] {dag.py:3239} INFO - Sync 4 DAGs
[2025-10-25T01:41:29.196+0000] {logging_mixin.py:190} INFO - [2025-10-25T01:41:29.196+0000] {dag.py:4180} INFO - Setting next_dagrun for dynamic_dag_variable_el_table_customers to None, run_after=None
[2025-10-25T01:41:29.200+0000] {logging_mixin.py:190} INFO - [2025-10-25T01:41:29.200+0000] {dag.py:4180} INFO - Setting next_dagrun for dynamic_dag_variable_el_table_order_details to None, run_after=None
[2025-10-25T01:41:29.202+0000] {logging_mixin.py:190} INFO - [2025-10-25T01:41:29.202+0000] {dag.py:4180} INFO - Setting next_dagrun for dynamic_dag_variable_el_table_orders to None, run_after=None
[2025-10-25T01:41:29.204+0000] {logging_mixin.py:190} INFO - [2025-10-25T01:41:29.204+0000] {dag.py:4180} INFO - Setting next_dagrun for dynamic_dag_variable_el_table_products to None, run_after=None
[2025-10-25T01:41:29.221+0000] {processor.py:208} INFO - Processing /opt/airflow/dags/dynamic_dag_variable.py took 0.126 seconds
[2025-10-25T01:41:59.371+0000] {processor.py:186} INFO - Started process (PID=718) to work on /opt/airflow/dags/dynamic_dag_variable.py
[2025-10-25T01:41:59.372+0000] {processor.py:914} INFO - Processing file /opt/airflow/dags/dynamic_dag_variable.py for tasks to queue
[2025-10-25T01:41:59.374+0000] {logging_mixin.py:190} INFO - [2025-10-25T01:41:59.374+0000] {dagbag.py:588} INFO - Filling up the DagBag from /opt/airflow/dags/dynamic_dag_variable.py
[2025-10-25T01:41:59.414+0000] {processor.py:925} INFO - DAG(s) 'dynamic_dag_variable_el_table_orders', 'dynamic_dag_variable_el_table_order_details', 'dynamic_dag_variable_el_table_customers', 'dynamic_dag_variable_el_table_products' retrieved from /opt/airflow/dags/dynamic_dag_variable.py
[2025-10-25T01:41:59.444+0000] {logging_mixin.py:190} INFO - [2025-10-25T01:41:59.443+0000] {dag.py:3239} INFO - Sync 4 DAGs
[2025-10-25T01:41:59.470+0000] {logging_mixin.py:190} INFO - [2025-10-25T01:41:59.470+0000] {dag.py:4180} INFO - Setting next_dagrun for dynamic_dag_variable_el_table_customers to None, run_after=None
[2025-10-25T01:41:59.474+0000] {logging_mixin.py:190} INFO - [2025-10-25T01:41:59.473+0000] {dag.py:4180} INFO - Setting next_dagrun for dynamic_dag_variable_el_table_order_details to None, run_after=None
[2025-10-25T01:41:59.475+0000] {logging_mixin.py:190} INFO - [2025-10-25T01:41:59.475+0000] {dag.py:4180} INFO - Setting next_dagrun for dynamic_dag_variable_el_table_orders to None, run_after=None
[2025-10-25T01:41:59.477+0000] {logging_mixin.py:190} INFO - [2025-10-25T01:41:59.477+0000] {dag.py:4180} INFO - Setting next_dagrun for dynamic_dag_variable_el_table_products to None, run_after=None
[2025-10-25T01:41:59.497+0000] {processor.py:208} INFO - Processing /opt/airflow/dags/dynamic_dag_variable.py took 0.133 seconds
