[2025-10-25T01:37:23.538+0000] {processor.py:186} INFO - Started process (PID=215) to work on /opt/airflow/dags/dynamic_dag_file.py
[2025-10-25T01:37:23.539+0000] {processor.py:914} INFO - Processing file /opt/airflow/dags/dynamic_dag_file.py for tasks to queue
[2025-10-25T01:37:23.542+0000] {logging_mixin.py:190} INFO - [2025-10-25T01:37:23.541+0000] {dagbag.py:588} INFO - Filling up the DagBag from /opt/airflow/dags/dynamic_dag_file.py
[2025-10-25T01:37:23.574+0000] {processor.py:925} INFO - DAG(s) 'dynamic_dag_file_el_table_products', 'dynamic_dag_file_el_table_customers', 'dynamic_dag_file_el_table_orders', 'dynamic_dag_file_el_table_order_details' retrieved from /opt/airflow/dags/dynamic_dag_file.py
[2025-10-25T01:37:23.697+0000] {logging_mixin.py:190} INFO - [2025-10-25T01:37:23.697+0000] {override.py:1912} INFO - Created Permission View: can edit on DAG:dynamic_dag_file_el_table_products
[2025-10-25T01:37:23.711+0000] {logging_mixin.py:190} INFO - [2025-10-25T01:37:23.711+0000] {override.py:1912} INFO - Created Permission View: can delete on DAG:dynamic_dag_file_el_table_products
[2025-10-25T01:37:23.718+0000] {logging_mixin.py:190} INFO - [2025-10-25T01:37:23.718+0000] {override.py:1912} INFO - Created Permission View: can read on DAG:dynamic_dag_file_el_table_products
[2025-10-25T01:37:23.730+0000] {logging_mixin.py:190} INFO - [2025-10-25T01:37:23.730+0000] {override.py:1912} INFO - Created Permission View: can delete on DAG Run:dynamic_dag_file_el_table_products
[2025-10-25T01:37:23.738+0000] {logging_mixin.py:190} INFO - [2025-10-25T01:37:23.737+0000] {override.py:1912} INFO - Created Permission View: can create on DAG Run:dynamic_dag_file_el_table_products
[2025-10-25T01:37:23.745+0000] {logging_mixin.py:190} INFO - [2025-10-25T01:37:23.744+0000] {override.py:1912} INFO - Created Permission View: menu access on DAG Run:dynamic_dag_file_el_table_products
[2025-10-25T01:37:23.751+0000] {logging_mixin.py:190} INFO - [2025-10-25T01:37:23.751+0000] {override.py:1912} INFO - Created Permission View: can read on DAG Run:dynamic_dag_file_el_table_products
[2025-10-25T01:37:23.766+0000] {logging_mixin.py:190} INFO - [2025-10-25T01:37:23.765+0000] {override.py:1912} INFO - Created Permission View: can edit on DAG:dynamic_dag_file_el_table_customers
[2025-10-25T01:37:23.773+0000] {logging_mixin.py:190} INFO - [2025-10-25T01:37:23.773+0000] {override.py:1912} INFO - Created Permission View: can delete on DAG:dynamic_dag_file_el_table_customers
[2025-10-25T01:37:23.783+0000] {logging_mixin.py:190} INFO - [2025-10-25T01:37:23.782+0000] {override.py:1912} INFO - Created Permission View: can read on DAG:dynamic_dag_file_el_table_customers
[2025-10-25T01:37:23.793+0000] {logging_mixin.py:190} INFO - [2025-10-25T01:37:23.792+0000] {override.py:1912} INFO - Created Permission View: can delete on DAG Run:dynamic_dag_file_el_table_customers
[2025-10-25T01:37:23.800+0000] {logging_mixin.py:190} INFO - [2025-10-25T01:37:23.800+0000] {override.py:1912} INFO - Created Permission View: can create on DAG Run:dynamic_dag_file_el_table_customers
[2025-10-25T01:37:23.807+0000] {logging_mixin.py:190} INFO - [2025-10-25T01:37:23.807+0000] {override.py:1912} INFO - Created Permission View: menu access on DAG Run:dynamic_dag_file_el_table_customers
[2025-10-25T01:37:23.815+0000] {logging_mixin.py:190} INFO - [2025-10-25T01:37:23.815+0000] {override.py:1912} INFO - Created Permission View: can read on DAG Run:dynamic_dag_file_el_table_customers
[2025-10-25T01:37:23.832+0000] {logging_mixin.py:190} INFO - [2025-10-25T01:37:23.832+0000] {override.py:1912} INFO - Created Permission View: can edit on DAG:dynamic_dag_file_el_table_orders
[2025-10-25T01:37:23.841+0000] {logging_mixin.py:190} INFO - [2025-10-25T01:37:23.841+0000] {override.py:1912} INFO - Created Permission View: can delete on DAG:dynamic_dag_file_el_table_orders
[2025-10-25T01:37:23.849+0000] {logging_mixin.py:190} INFO - [2025-10-25T01:37:23.849+0000] {override.py:1912} INFO - Created Permission View: can read on DAG:dynamic_dag_file_el_table_orders
[2025-10-25T01:37:23.858+0000] {logging_mixin.py:190} INFO - [2025-10-25T01:37:23.858+0000] {override.py:1912} INFO - Created Permission View: can delete on DAG Run:dynamic_dag_file_el_table_orders
[2025-10-25T01:37:23.866+0000] {logging_mixin.py:190} INFO - [2025-10-25T01:37:23.866+0000] {override.py:1912} INFO - Created Permission View: can create on DAG Run:dynamic_dag_file_el_table_orders
[2025-10-25T01:37:23.874+0000] {logging_mixin.py:190} INFO - [2025-10-25T01:37:23.873+0000] {override.py:1912} INFO - Created Permission View: menu access on DAG Run:dynamic_dag_file_el_table_orders
[2025-10-25T01:37:23.882+0000] {logging_mixin.py:190} INFO - [2025-10-25T01:37:23.882+0000] {override.py:1912} INFO - Created Permission View: can read on DAG Run:dynamic_dag_file_el_table_orders
[2025-10-25T01:37:23.896+0000] {logging_mixin.py:190} INFO - [2025-10-25T01:37:23.895+0000] {override.py:1912} INFO - Created Permission View: can edit on DAG:dynamic_dag_file_el_table_order_details
[2025-10-25T01:37:23.903+0000] {logging_mixin.py:190} INFO - [2025-10-25T01:37:23.903+0000] {override.py:1912} INFO - Created Permission View: can delete on DAG:dynamic_dag_file_el_table_order_details
[2025-10-25T01:37:23.909+0000] {logging_mixin.py:190} INFO - [2025-10-25T01:37:23.909+0000] {override.py:1912} INFO - Created Permission View: can read on DAG:dynamic_dag_file_el_table_order_details
[2025-10-25T01:37:23.918+0000] {logging_mixin.py:190} INFO - [2025-10-25T01:37:23.917+0000] {override.py:1912} INFO - Created Permission View: can delete on DAG Run:dynamic_dag_file_el_table_order_details
[2025-10-25T01:37:23.926+0000] {logging_mixin.py:190} INFO - [2025-10-25T01:37:23.925+0000] {override.py:1912} INFO - Created Permission View: can create on DAG Run:dynamic_dag_file_el_table_order_details
[2025-10-25T01:37:23.935+0000] {logging_mixin.py:190} INFO - [2025-10-25T01:37:23.934+0000] {override.py:1912} INFO - Created Permission View: menu access on DAG Run:dynamic_dag_file_el_table_order_details
[2025-10-25T01:37:23.944+0000] {logging_mixin.py:190} INFO - [2025-10-25T01:37:23.943+0000] {override.py:1912} INFO - Created Permission View: can read on DAG Run:dynamic_dag_file_el_table_order_details
[2025-10-25T01:37:23.944+0000] {logging_mixin.py:190} INFO - [2025-10-25T01:37:23.944+0000] {dag.py:3239} INFO - Sync 4 DAGs
[2025-10-25T01:37:23.958+0000] {logging_mixin.py:190} INFO - [2025-10-25T01:37:23.957+0000] {dag.py:3262} INFO - Creating ORM DAG for dynamic_dag_file_el_table_products
[2025-10-25T01:37:23.959+0000] {logging_mixin.py:190} INFO - [2025-10-25T01:37:23.958+0000] {dag.py:3262} INFO - Creating ORM DAG for dynamic_dag_file_el_table_customers
[2025-10-25T01:37:23.959+0000] {logging_mixin.py:190} INFO - [2025-10-25T01:37:23.959+0000] {dag.py:3262} INFO - Creating ORM DAG for dynamic_dag_file_el_table_orders
[2025-10-25T01:37:23.960+0000] {logging_mixin.py:190} INFO - [2025-10-25T01:37:23.960+0000] {dag.py:3262} INFO - Creating ORM DAG for dynamic_dag_file_el_table_order_details
[2025-10-25T01:37:23.969+0000] {logging_mixin.py:190} INFO - [2025-10-25T01:37:23.969+0000] {dag.py:4180} INFO - Setting next_dagrun for dynamic_dag_file_el_table_customers to None, run_after=None
[2025-10-25T01:37:23.970+0000] {logging_mixin.py:190} INFO - [2025-10-25T01:37:23.969+0000] {dag.py:4180} INFO - Setting next_dagrun for dynamic_dag_file_el_table_order_details to None, run_after=None
[2025-10-25T01:37:23.970+0000] {logging_mixin.py:190} INFO - [2025-10-25T01:37:23.970+0000] {dag.py:4180} INFO - Setting next_dagrun for dynamic_dag_file_el_table_orders to None, run_after=None
[2025-10-25T01:37:23.971+0000] {logging_mixin.py:190} INFO - [2025-10-25T01:37:23.971+0000] {dag.py:4180} INFO - Setting next_dagrun for dynamic_dag_file_el_table_products to None, run_after=None
[2025-10-25T01:37:23.997+0000] {processor.py:208} INFO - Processing /opt/airflow/dags/dynamic_dag_file.py took 0.467 seconds
