[2025-10-25T01:37:22.584+0000] {processor.py:186} INFO - Started process (PID=185) to work on /opt/airflow/dags/xcom_with_return_and_template_reference.py
[2025-10-25T01:37:22.585+0000] {processor.py:914} INFO - Processing file /opt/airflow/dags/xcom_with_return_and_template_reference.py for tasks to queue
[2025-10-25T01:37:22.589+0000] {logging_mixin.py:190} INFO - [2025-10-25T01:37:22.589+0000] {dagbag.py:588} INFO - Filling up the DagBag from /opt/airflow/dags/xcom_with_return_and_template_reference.py
[2025-10-25T01:37:22.612+0000] {processor.py:925} INFO - DAG(s) 'xcom_with_return_and_template_reference' retrieved from /opt/airflow/dags/xcom_with_return_and_template_reference.py
[2025-10-25T01:37:22.735+0000] {logging_mixin.py:190} INFO - [2025-10-25T01:37:22.735+0000] {override.py:1912} INFO - Created Permission View: can edit on DAG:xcom_with_return_and_template_reference
[2025-10-25T01:37:22.747+0000] {logging_mixin.py:190} INFO - [2025-10-25T01:37:22.746+0000] {override.py:1912} INFO - Created Permission View: can delete on DAG:xcom_with_return_and_template_reference
[2025-10-25T01:37:22.754+0000] {logging_mixin.py:190} INFO - [2025-10-25T01:37:22.754+0000] {override.py:1912} INFO - Created Permission View: can read on DAG:xcom_with_return_and_template_reference
[2025-10-25T01:37:22.763+0000] {logging_mixin.py:190} INFO - [2025-10-25T01:37:22.763+0000] {override.py:1912} INFO - Created Permission View: can delete on DAG Run:xcom_with_return_and_template_reference
[2025-10-25T01:37:22.770+0000] {logging_mixin.py:190} INFO - [2025-10-25T01:37:22.770+0000] {override.py:1912} INFO - Created Permission View: can create on DAG Run:xcom_with_return_and_template_reference
[2025-10-25T01:37:22.779+0000] {logging_mixin.py:190} INFO - [2025-10-25T01:37:22.778+0000] {override.py:1912} INFO - Created Permission View: menu access on DAG Run:xcom_with_return_and_template_reference
[2025-10-25T01:37:22.787+0000] {logging_mixin.py:190} INFO - [2025-10-25T01:37:22.787+0000] {override.py:1912} INFO - Created Permission View: can read on DAG Run:xcom_with_return_and_template_reference
[2025-10-25T01:37:22.788+0000] {logging_mixin.py:190} INFO - [2025-10-25T01:37:22.788+0000] {dag.py:3239} INFO - Sync 1 DAGs
[2025-10-25T01:37:22.808+0000] {logging_mixin.py:190} INFO - [2025-10-25T01:37:22.808+0000] {dag.py:3262} INFO - Creating ORM DAG for xcom_with_return_and_template_reference
[2025-10-25T01:37:22.823+0000] {logging_mixin.py:190} INFO - [2025-10-25T01:37:22.822+0000] {dag.py:4180} INFO - Setting next_dagrun for xcom_with_return_and_template_reference to None, run_after=None
[2025-10-25T01:37:22.848+0000] {processor.py:208} INFO - Processing /opt/airflow/dags/xcom_with_return_and_template_reference.py took 0.274 seconds
[2025-10-25T01:37:53.542+0000] {processor.py:186} INFO - Started process (PID=240) to work on /opt/airflow/dags/xcom_with_return_and_template_reference.py
[2025-10-25T01:37:53.543+0000] {processor.py:914} INFO - Processing file /opt/airflow/dags/xcom_with_return_and_template_reference.py for tasks to queue
[2025-10-25T01:37:53.546+0000] {logging_mixin.py:190} INFO - [2025-10-25T01:37:53.545+0000] {dagbag.py:588} INFO - Filling up the DagBag from /opt/airflow/dags/xcom_with_return_and_template_reference.py
[2025-10-25T01:37:53.566+0000] {processor.py:925} INFO - DAG(s) 'xcom_with_return_and_template_reference' retrieved from /opt/airflow/dags/xcom_with_return_and_template_reference.py
[2025-10-25T01:37:53.605+0000] {logging_mixin.py:190} INFO - [2025-10-25T01:37:53.605+0000] {dag.py:3239} INFO - Sync 1 DAGs
[2025-10-25T01:37:53.637+0000] {logging_mixin.py:190} INFO - [2025-10-25T01:37:53.637+0000] {dag.py:4180} INFO - Setting next_dagrun for xcom_with_return_and_template_reference to None, run_after=None
[2025-10-25T01:37:53.661+0000] {processor.py:208} INFO - Processing /opt/airflow/dags/xcom_with_return_and_template_reference.py took 0.127 seconds
[2025-10-25T01:38:24.009+0000] {processor.py:186} INFO - Started process (PID=295) to work on /opt/airflow/dags/xcom_with_return_and_template_reference.py
[2025-10-25T01:38:24.014+0000] {processor.py:914} INFO - Processing file /opt/airflow/dags/xcom_with_return_and_template_reference.py for tasks to queue
[2025-10-25T01:38:24.026+0000] {logging_mixin.py:190} INFO - [2025-10-25T01:38:24.026+0000] {dagbag.py:588} INFO - Filling up the DagBag from /opt/airflow/dags/xcom_with_return_and_template_reference.py
[2025-10-25T01:38:24.074+0000] {processor.py:925} INFO - DAG(s) 'xcom_with_return_and_template_reference' retrieved from /opt/airflow/dags/xcom_with_return_and_template_reference.py
[2025-10-25T01:38:24.154+0000] {logging_mixin.py:190} INFO - [2025-10-25T01:38:24.154+0000] {dag.py:3239} INFO - Sync 1 DAGs
[2025-10-25T01:38:24.223+0000] {logging_mixin.py:190} INFO - [2025-10-25T01:38:24.222+0000] {dag.py:4180} INFO - Setting next_dagrun for xcom_with_return_and_template_reference to None, run_after=None
[2025-10-25T01:38:24.288+0000] {processor.py:208} INFO - Processing /opt/airflow/dags/xcom_with_return_and_template_reference.py took 0.295 seconds
[2025-10-25T01:38:54.567+0000] {processor.py:186} INFO - Started process (PID=350) to work on /opt/airflow/dags/xcom_with_return_and_template_reference.py
[2025-10-25T01:38:54.568+0000] {processor.py:914} INFO - Processing file /opt/airflow/dags/xcom_with_return_and_template_reference.py for tasks to queue
[2025-10-25T01:38:54.572+0000] {logging_mixin.py:190} INFO - [2025-10-25T01:38:54.571+0000] {dagbag.py:588} INFO - Filling up the DagBag from /opt/airflow/dags/xcom_with_return_and_template_reference.py
[2025-10-25T01:38:54.599+0000] {processor.py:925} INFO - DAG(s) 'xcom_with_return_and_template_reference' retrieved from /opt/airflow/dags/xcom_with_return_and_template_reference.py
[2025-10-25T01:38:54.645+0000] {logging_mixin.py:190} INFO - [2025-10-25T01:38:54.644+0000] {dag.py:3239} INFO - Sync 1 DAGs
[2025-10-25T01:38:54.673+0000] {logging_mixin.py:190} INFO - [2025-10-25T01:38:54.673+0000] {dag.py:4180} INFO - Setting next_dagrun for xcom_with_return_and_template_reference to None, run_after=None
[2025-10-25T01:38:54.698+0000] {processor.py:208} INFO - Processing /opt/airflow/dags/xcom_with_return_and_template_reference.py took 0.138 seconds
[2025-10-25T01:39:25.037+0000] {processor.py:186} INFO - Started process (PID=408) to work on /opt/airflow/dags/xcom_with_return_and_template_reference.py
[2025-10-25T01:39:25.038+0000] {processor.py:914} INFO - Processing file /opt/airflow/dags/xcom_with_return_and_template_reference.py for tasks to queue
[2025-10-25T01:39:25.042+0000] {logging_mixin.py:190} INFO - [2025-10-25T01:39:25.041+0000] {dagbag.py:588} INFO - Filling up the DagBag from /opt/airflow/dags/xcom_with_return_and_template_reference.py
[2025-10-25T01:39:25.063+0000] {processor.py:925} INFO - DAG(s) 'xcom_with_return_and_template_reference' retrieved from /opt/airflow/dags/xcom_with_return_and_template_reference.py
[2025-10-25T01:39:25.097+0000] {logging_mixin.py:190} INFO - [2025-10-25T01:39:25.097+0000] {dag.py:3239} INFO - Sync 1 DAGs
[2025-10-25T01:39:25.127+0000] {logging_mixin.py:190} INFO - [2025-10-25T01:39:25.126+0000] {dag.py:4180} INFO - Setting next_dagrun for xcom_with_return_and_template_reference to None, run_after=None
[2025-10-25T01:39:25.148+0000] {processor.py:208} INFO - Processing /opt/airflow/dags/xcom_with_return_and_template_reference.py took 0.117 seconds
[2025-10-25T01:39:55.846+0000] {processor.py:186} INFO - Started process (PID=463) to work on /opt/airflow/dags/xcom_with_return_and_template_reference.py
[2025-10-25T01:39:55.847+0000] {processor.py:914} INFO - Processing file /opt/airflow/dags/xcom_with_return_and_template_reference.py for tasks to queue
[2025-10-25T01:39:55.850+0000] {logging_mixin.py:190} INFO - [2025-10-25T01:39:55.850+0000] {dagbag.py:588} INFO - Filling up the DagBag from /opt/airflow/dags/xcom_with_return_and_template_reference.py
[2025-10-25T01:39:55.870+0000] {processor.py:925} INFO - DAG(s) 'xcom_with_return_and_template_reference' retrieved from /opt/airflow/dags/xcom_with_return_and_template_reference.py
[2025-10-25T01:39:55.903+0000] {logging_mixin.py:190} INFO - [2025-10-25T01:39:55.902+0000] {dag.py:3239} INFO - Sync 1 DAGs
[2025-10-25T01:39:55.922+0000] {logging_mixin.py:190} INFO - [2025-10-25T01:39:55.921+0000] {dag.py:4180} INFO - Setting next_dagrun for xcom_with_return_and_template_reference to None, run_after=None
[2025-10-25T01:39:55.941+0000] {processor.py:208} INFO - Processing /opt/airflow/dags/xcom_with_return_and_template_reference.py took 0.103 seconds
[2025-10-25T01:40:26.557+0000] {processor.py:186} INFO - Started process (PID=518) to work on /opt/airflow/dags/xcom_with_return_and_template_reference.py
[2025-10-25T01:40:26.558+0000] {processor.py:914} INFO - Processing file /opt/airflow/dags/xcom_with_return_and_template_reference.py for tasks to queue
[2025-10-25T01:40:26.561+0000] {logging_mixin.py:190} INFO - [2025-10-25T01:40:26.560+0000] {dagbag.py:588} INFO - Filling up the DagBag from /opt/airflow/dags/xcom_with_return_and_template_reference.py
[2025-10-25T01:40:26.582+0000] {processor.py:925} INFO - DAG(s) 'xcom_with_return_and_template_reference' retrieved from /opt/airflow/dags/xcom_with_return_and_template_reference.py
[2025-10-25T01:40:26.613+0000] {logging_mixin.py:190} INFO - [2025-10-25T01:40:26.613+0000] {dag.py:3239} INFO - Sync 1 DAGs
[2025-10-25T01:40:26.643+0000] {logging_mixin.py:190} INFO - [2025-10-25T01:40:26.643+0000] {dag.py:4180} INFO - Setting next_dagrun for xcom_with_return_and_template_reference to None, run_after=None
[2025-10-25T01:40:26.666+0000] {processor.py:208} INFO - Processing /opt/airflow/dags/xcom_with_return_and_template_reference.py took 0.115 seconds
[2025-10-25T01:40:57.319+0000] {processor.py:186} INFO - Started process (PID=573) to work on /opt/airflow/dags/xcom_with_return_and_template_reference.py
[2025-10-25T01:40:57.319+0000] {processor.py:914} INFO - Processing file /opt/airflow/dags/xcom_with_return_and_template_reference.py for tasks to queue
[2025-10-25T01:40:57.321+0000] {logging_mixin.py:190} INFO - [2025-10-25T01:40:57.321+0000] {dagbag.py:588} INFO - Filling up the DagBag from /opt/airflow/dags/xcom_with_return_and_template_reference.py
[2025-10-25T01:40:57.341+0000] {processor.py:925} INFO - DAG(s) 'xcom_with_return_and_template_reference' retrieved from /opt/airflow/dags/xcom_with_return_and_template_reference.py
[2025-10-25T01:40:57.375+0000] {logging_mixin.py:190} INFO - [2025-10-25T01:40:57.375+0000] {dag.py:3239} INFO - Sync 1 DAGs
[2025-10-25T01:40:57.398+0000] {logging_mixin.py:190} INFO - [2025-10-25T01:40:57.398+0000] {dag.py:4180} INFO - Setting next_dagrun for xcom_with_return_and_template_reference to None, run_after=None
[2025-10-25T01:40:57.418+0000] {processor.py:208} INFO - Processing /opt/airflow/dags/xcom_with_return_and_template_reference.py took 0.105 seconds
[2025-10-25T01:41:27.652+0000] {processor.py:186} INFO - Started process (PID=628) to work on /opt/airflow/dags/xcom_with_return_and_template_reference.py
[2025-10-25T01:41:27.653+0000] {processor.py:914} INFO - Processing file /opt/airflow/dags/xcom_with_return_and_template_reference.py for tasks to queue
[2025-10-25T01:41:27.655+0000] {logging_mixin.py:190} INFO - [2025-10-25T01:41:27.654+0000] {dagbag.py:588} INFO - Filling up the DagBag from /opt/airflow/dags/xcom_with_return_and_template_reference.py
[2025-10-25T01:41:27.675+0000] {processor.py:925} INFO - DAG(s) 'xcom_with_return_and_template_reference' retrieved from /opt/airflow/dags/xcom_with_return_and_template_reference.py
[2025-10-25T01:41:27.706+0000] {logging_mixin.py:190} INFO - [2025-10-25T01:41:27.706+0000] {dag.py:3239} INFO - Sync 1 DAGs
[2025-10-25T01:41:27.725+0000] {logging_mixin.py:190} INFO - [2025-10-25T01:41:27.725+0000] {dag.py:4180} INFO - Setting next_dagrun for xcom_with_return_and_template_reference to None, run_after=None
[2025-10-25T01:41:27.742+0000] {processor.py:208} INFO - Processing /opt/airflow/dags/xcom_with_return_and_template_reference.py took 0.098 seconds
[2025-10-25T01:41:57.881+0000] {processor.py:186} INFO - Started process (PID=683) to work on /opt/airflow/dags/xcom_with_return_and_template_reference.py
[2025-10-25T01:41:57.882+0000] {processor.py:914} INFO - Processing file /opt/airflow/dags/xcom_with_return_and_template_reference.py for tasks to queue
[2025-10-25T01:41:57.886+0000] {logging_mixin.py:190} INFO - [2025-10-25T01:41:57.885+0000] {dagbag.py:588} INFO - Filling up the DagBag from /opt/airflow/dags/xcom_with_return_and_template_reference.py
[2025-10-25T01:41:57.907+0000] {processor.py:925} INFO - DAG(s) 'xcom_with_return_and_template_reference' retrieved from /opt/airflow/dags/xcom_with_return_and_template_reference.py
[2025-10-25T01:41:57.936+0000] {logging_mixin.py:190} INFO - [2025-10-25T01:41:57.936+0000] {dag.py:3239} INFO - Sync 1 DAGs
[2025-10-25T01:41:57.957+0000] {logging_mixin.py:190} INFO - [2025-10-25T01:41:57.957+0000] {dag.py:4180} INFO - Setting next_dagrun for xcom_with_return_and_template_reference to None, run_after=None
[2025-10-25T01:41:57.976+0000] {processor.py:208} INFO - Processing /opt/airflow/dags/xcom_with_return_and_template_reference.py took 0.102 seconds
