[2025-10-25T01:37:22.847+0000] {processor.py:186} INFO - Started process (PID=190) to work on /opt/airflow/dags/xcom_with_return_and_current_context.py
[2025-10-25T01:37:22.848+0000] {processor.py:914} INFO - Processing file /opt/airflow/dags/xcom_with_return_and_current_context.py for tasks to queue
[2025-10-25T01:37:22.851+0000] {logging_mixin.py:190} INFO - [2025-10-25T01:37:22.851+0000] {dagbag.py:588} INFO - Filling up the DagBag from /opt/airflow/dags/xcom_with_return_and_current_context.py
[2025-10-25T01:37:22.874+0000] {processor.py:925} INFO - DAG(s) 'xcom_with_return_and_current_context' retrieved from /opt/airflow/dags/xcom_with_return_and_current_context.py
[2025-10-25T01:37:22.998+0000] {logging_mixin.py:190} INFO - [2025-10-25T01:37:22.997+0000] {override.py:1912} INFO - Created Permission View: can edit on DAG:xcom_with_return_and_current_context
[2025-10-25T01:37:23.007+0000] {logging_mixin.py:190} INFO - [2025-10-25T01:37:23.007+0000] {override.py:1912} INFO - Created Permission View: can delete on DAG:xcom_with_return_and_current_context
[2025-10-25T01:37:23.014+0000] {logging_mixin.py:190} INFO - [2025-10-25T01:37:23.013+0000] {override.py:1912} INFO - Created Permission View: can read on DAG:xcom_with_return_and_current_context
[2025-10-25T01:37:23.021+0000] {logging_mixin.py:190} INFO - [2025-10-25T01:37:23.021+0000] {override.py:1912} INFO - Created Permission View: can delete on DAG Run:xcom_with_return_and_current_context
[2025-10-25T01:37:23.028+0000] {logging_mixin.py:190} INFO - [2025-10-25T01:37:23.028+0000] {override.py:1912} INFO - Created Permission View: can create on DAG Run:xcom_with_return_and_current_context
[2025-10-25T01:37:23.036+0000] {logging_mixin.py:190} INFO - [2025-10-25T01:37:23.035+0000] {override.py:1912} INFO - Created Permission View: menu access on DAG Run:xcom_with_return_and_current_context
[2025-10-25T01:37:23.044+0000] {logging_mixin.py:190} INFO - [2025-10-25T01:37:23.043+0000] {override.py:1912} INFO - Created Permission View: can read on DAG Run:xcom_with_return_and_current_context
[2025-10-25T01:37:23.045+0000] {logging_mixin.py:190} INFO - [2025-10-25T01:37:23.044+0000] {dag.py:3239} INFO - Sync 1 DAGs
[2025-10-25T01:37:23.075+0000] {logging_mixin.py:190} INFO - [2025-10-25T01:37:23.075+0000] {dag.py:3262} INFO - Creating ORM DAG for xcom_with_return_and_current_context
[2025-10-25T01:37:23.105+0000] {logging_mixin.py:190} INFO - [2025-10-25T01:37:23.105+0000] {dag.py:4180} INFO - Setting next_dagrun for xcom_with_return_and_current_context to None, run_after=None
[2025-10-25T01:37:23.153+0000] {processor.py:208} INFO - Processing /opt/airflow/dags/xcom_with_return_and_current_context.py took 0.314 seconds
[2025-10-25T01:37:53.693+0000] {processor.py:186} INFO - Started process (PID=247) to work on /opt/airflow/dags/xcom_with_return_and_current_context.py
[2025-10-25T01:37:53.694+0000] {processor.py:914} INFO - Processing file /opt/airflow/dags/xcom_with_return_and_current_context.py for tasks to queue
[2025-10-25T01:37:53.697+0000] {logging_mixin.py:190} INFO - [2025-10-25T01:37:53.696+0000] {dagbag.py:588} INFO - Filling up the DagBag from /opt/airflow/dags/xcom_with_return_and_current_context.py
[2025-10-25T01:37:53.714+0000] {processor.py:925} INFO - DAG(s) 'xcom_with_return_and_current_context' retrieved from /opt/airflow/dags/xcom_with_return_and_current_context.py
[2025-10-25T01:37:53.749+0000] {logging_mixin.py:190} INFO - [2025-10-25T01:37:53.748+0000] {dag.py:3239} INFO - Sync 1 DAGs
[2025-10-25T01:37:53.773+0000] {logging_mixin.py:190} INFO - [2025-10-25T01:37:53.773+0000] {dag.py:4180} INFO - Setting next_dagrun for xcom_with_return_and_current_context to None, run_after=None
[2025-10-25T01:37:53.794+0000] {processor.py:208} INFO - Processing /opt/airflow/dags/xcom_with_return_and_current_context.py took 0.108 seconds
[2025-10-25T01:38:24.375+0000] {processor.py:186} INFO - Started process (PID=302) to work on /opt/airflow/dags/xcom_with_return_and_current_context.py
[2025-10-25T01:38:24.379+0000] {processor.py:914} INFO - Processing file /opt/airflow/dags/xcom_with_return_and_current_context.py for tasks to queue
[2025-10-25T01:38:24.383+0000] {logging_mixin.py:190} INFO - [2025-10-25T01:38:24.383+0000] {dagbag.py:588} INFO - Filling up the DagBag from /opt/airflow/dags/xcom_with_return_and_current_context.py
[2025-10-25T01:38:24.419+0000] {processor.py:925} INFO - DAG(s) 'xcom_with_return_and_current_context' retrieved from /opt/airflow/dags/xcom_with_return_and_current_context.py
[2025-10-25T01:38:24.476+0000] {logging_mixin.py:190} INFO - [2025-10-25T01:38:24.475+0000] {dag.py:3239} INFO - Sync 1 DAGs
[2025-10-25T01:38:24.517+0000] {logging_mixin.py:190} INFO - [2025-10-25T01:38:24.516+0000] {dag.py:4180} INFO - Setting next_dagrun for xcom_with_return_and_current_context to None, run_after=None
[2025-10-25T01:38:24.553+0000] {processor.py:208} INFO - Processing /opt/airflow/dags/xcom_with_return_and_current_context.py took 0.191 seconds
[2025-10-25T01:38:54.725+0000] {processor.py:186} INFO - Started process (PID=357) to work on /opt/airflow/dags/xcom_with_return_and_current_context.py
[2025-10-25T01:38:54.726+0000] {processor.py:914} INFO - Processing file /opt/airflow/dags/xcom_with_return_and_current_context.py for tasks to queue
[2025-10-25T01:38:54.728+0000] {logging_mixin.py:190} INFO - [2025-10-25T01:38:54.728+0000] {dagbag.py:588} INFO - Filling up the DagBag from /opt/airflow/dags/xcom_with_return_and_current_context.py
[2025-10-25T01:38:54.748+0000] {processor.py:925} INFO - DAG(s) 'xcom_with_return_and_current_context' retrieved from /opt/airflow/dags/xcom_with_return_and_current_context.py
[2025-10-25T01:38:54.779+0000] {logging_mixin.py:190} INFO - [2025-10-25T01:38:54.779+0000] {dag.py:3239} INFO - Sync 1 DAGs
[2025-10-25T01:38:54.797+0000] {logging_mixin.py:190} INFO - [2025-10-25T01:38:54.797+0000] {dag.py:4180} INFO - Setting next_dagrun for xcom_with_return_and_current_context to None, run_after=None
[2025-10-25T01:38:54.816+0000] {processor.py:208} INFO - Processing /opt/airflow/dags/xcom_with_return_and_current_context.py took 0.098 seconds
[2025-10-25T01:39:25.180+0000] {processor.py:186} INFO - Started process (PID=415) to work on /opt/airflow/dags/xcom_with_return_and_current_context.py
[2025-10-25T01:39:25.181+0000] {processor.py:914} INFO - Processing file /opt/airflow/dags/xcom_with_return_and_current_context.py for tasks to queue
[2025-10-25T01:39:25.185+0000] {logging_mixin.py:190} INFO - [2025-10-25T01:39:25.185+0000] {dagbag.py:588} INFO - Filling up the DagBag from /opt/airflow/dags/xcom_with_return_and_current_context.py
[2025-10-25T01:39:25.203+0000] {processor.py:925} INFO - DAG(s) 'xcom_with_return_and_current_context' retrieved from /opt/airflow/dags/xcom_with_return_and_current_context.py
[2025-10-25T01:39:25.236+0000] {logging_mixin.py:190} INFO - [2025-10-25T01:39:25.235+0000] {dag.py:3239} INFO - Sync 1 DAGs
[2025-10-25T01:39:25.258+0000] {logging_mixin.py:190} INFO - [2025-10-25T01:39:25.258+0000] {dag.py:4180} INFO - Setting next_dagrun for xcom_with_return_and_current_context to None, run_after=None
[2025-10-25T01:39:25.278+0000] {processor.py:208} INFO - Processing /opt/airflow/dags/xcom_with_return_and_current_context.py took 0.105 seconds
[2025-10-25T01:39:55.967+0000] {processor.py:186} INFO - Started process (PID=470) to work on /opt/airflow/dags/xcom_with_return_and_current_context.py
[2025-10-25T01:39:55.968+0000] {processor.py:914} INFO - Processing file /opt/airflow/dags/xcom_with_return_and_current_context.py for tasks to queue
[2025-10-25T01:39:55.971+0000] {logging_mixin.py:190} INFO - [2025-10-25T01:39:55.971+0000] {dagbag.py:588} INFO - Filling up the DagBag from /opt/airflow/dags/xcom_with_return_and_current_context.py
[2025-10-25T01:39:55.988+0000] {processor.py:925} INFO - DAG(s) 'xcom_with_return_and_current_context' retrieved from /opt/airflow/dags/xcom_with_return_and_current_context.py
[2025-10-25T01:39:56.016+0000] {logging_mixin.py:190} INFO - [2025-10-25T01:39:56.016+0000] {dag.py:3239} INFO - Sync 1 DAGs
[2025-10-25T01:39:56.039+0000] {logging_mixin.py:190} INFO - [2025-10-25T01:39:56.039+0000] {dag.py:4180} INFO - Setting next_dagrun for xcom_with_return_and_current_context to None, run_after=None
[2025-10-25T01:39:56.083+0000] {processor.py:208} INFO - Processing /opt/airflow/dags/xcom_with_return_and_current_context.py took 0.121 seconds
[2025-10-25T01:40:26.695+0000] {processor.py:186} INFO - Started process (PID=525) to work on /opt/airflow/dags/xcom_with_return_and_current_context.py
[2025-10-25T01:40:26.696+0000] {processor.py:914} INFO - Processing file /opt/airflow/dags/xcom_with_return_and_current_context.py for tasks to queue
[2025-10-25T01:40:26.699+0000] {logging_mixin.py:190} INFO - [2025-10-25T01:40:26.699+0000] {dagbag.py:588} INFO - Filling up the DagBag from /opt/airflow/dags/xcom_with_return_and_current_context.py
[2025-10-25T01:40:26.717+0000] {processor.py:925} INFO - DAG(s) 'xcom_with_return_and_current_context' retrieved from /opt/airflow/dags/xcom_with_return_and_current_context.py
[2025-10-25T01:40:26.747+0000] {logging_mixin.py:190} INFO - [2025-10-25T01:40:26.747+0000] {dag.py:3239} INFO - Sync 1 DAGs
[2025-10-25T01:40:26.767+0000] {logging_mixin.py:190} INFO - [2025-10-25T01:40:26.767+0000] {dag.py:4180} INFO - Setting next_dagrun for xcom_with_return_and_current_context to None, run_after=None
[2025-10-25T01:40:26.786+0000] {processor.py:208} INFO - Processing /opt/airflow/dags/xcom_with_return_and_current_context.py took 0.096 seconds
[2025-10-25T01:40:57.458+0000] {processor.py:186} INFO - Started process (PID=580) to work on /opt/airflow/dags/xcom_with_return_and_current_context.py
[2025-10-25T01:40:57.459+0000] {processor.py:914} INFO - Processing file /opt/airflow/dags/xcom_with_return_and_current_context.py for tasks to queue
[2025-10-25T01:40:57.462+0000] {logging_mixin.py:190} INFO - [2025-10-25T01:40:57.461+0000] {dagbag.py:588} INFO - Filling up the DagBag from /opt/airflow/dags/xcom_with_return_and_current_context.py
[2025-10-25T01:40:57.481+0000] {processor.py:925} INFO - DAG(s) 'xcom_with_return_and_current_context' retrieved from /opt/airflow/dags/xcom_with_return_and_current_context.py
[2025-10-25T01:40:57.513+0000] {logging_mixin.py:190} INFO - [2025-10-25T01:40:57.513+0000] {dag.py:3239} INFO - Sync 1 DAGs
[2025-10-25T01:40:57.538+0000] {logging_mixin.py:190} INFO - [2025-10-25T01:40:57.538+0000] {dag.py:4180} INFO - Setting next_dagrun for xcom_with_return_and_current_context to None, run_after=None
[2025-10-25T01:40:57.558+0000] {processor.py:208} INFO - Processing /opt/airflow/dags/xcom_with_return_and_current_context.py took 0.107 seconds
[2025-10-25T01:41:27.780+0000] {processor.py:186} INFO - Started process (PID=635) to work on /opt/airflow/dags/xcom_with_return_and_current_context.py
[2025-10-25T01:41:27.781+0000] {processor.py:914} INFO - Processing file /opt/airflow/dags/xcom_with_return_and_current_context.py for tasks to queue
[2025-10-25T01:41:27.783+0000] {logging_mixin.py:190} INFO - [2025-10-25T01:41:27.783+0000] {dagbag.py:588} INFO - Filling up the DagBag from /opt/airflow/dags/xcom_with_return_and_current_context.py
[2025-10-25T01:41:27.802+0000] {processor.py:925} INFO - DAG(s) 'xcom_with_return_and_current_context' retrieved from /opt/airflow/dags/xcom_with_return_and_current_context.py
[2025-10-25T01:41:27.835+0000] {logging_mixin.py:190} INFO - [2025-10-25T01:41:27.835+0000] {dag.py:3239} INFO - Sync 1 DAGs
[2025-10-25T01:41:27.863+0000] {logging_mixin.py:190} INFO - [2025-10-25T01:41:27.863+0000] {dag.py:4180} INFO - Setting next_dagrun for xcom_with_return_and_current_context to None, run_after=None
[2025-10-25T01:41:27.885+0000] {processor.py:208} INFO - Processing /opt/airflow/dags/xcom_with_return_and_current_context.py took 0.111 seconds
[2025-10-25T01:41:58.010+0000] {processor.py:186} INFO - Started process (PID=690) to work on /opt/airflow/dags/xcom_with_return_and_current_context.py
[2025-10-25T01:41:58.011+0000] {processor.py:914} INFO - Processing file /opt/airflow/dags/xcom_with_return_and_current_context.py for tasks to queue
[2025-10-25T01:41:58.013+0000] {logging_mixin.py:190} INFO - [2025-10-25T01:41:58.013+0000] {dagbag.py:588} INFO - Filling up the DagBag from /opt/airflow/dags/xcom_with_return_and_current_context.py
[2025-10-25T01:41:58.033+0000] {processor.py:925} INFO - DAG(s) 'xcom_with_return_and_current_context' retrieved from /opt/airflow/dags/xcom_with_return_and_current_context.py
[2025-10-25T01:41:58.064+0000] {logging_mixin.py:190} INFO - [2025-10-25T01:41:58.063+0000] {dag.py:3239} INFO - Sync 1 DAGs
[2025-10-25T01:41:58.090+0000] {logging_mixin.py:190} INFO - [2025-10-25T01:41:58.090+0000] {dag.py:4180} INFO - Setting next_dagrun for xcom_with_return_and_current_context to None, run_after=None
[2025-10-25T01:41:58.113+0000] {processor.py:208} INFO - Processing /opt/airflow/dags/xcom_with_return_and_current_context.py took 0.109 seconds
