[2025-10-25T01:37:23.199+0000] {processor.py:186} INFO - Started process (PID=200) to work on /opt/airflow/dags/xcom_with_return_direct_param.py
[2025-10-25T01:37:23.200+0000] {processor.py:914} INFO - Processing file /opt/airflow/dags/xcom_with_return_direct_param.py for tasks to queue
[2025-10-25T01:37:23.202+0000] {logging_mixin.py:190} INFO - [2025-10-25T01:37:23.202+0000] {dagbag.py:588} INFO - Filling up the DagBag from /opt/airflow/dags/xcom_with_return_direct_param.py
[2025-10-25T01:37:23.222+0000] {processor.py:925} INFO - DAG(s) 'xcom_with_return_direct_param' retrieved from /opt/airflow/dags/xcom_with_return_direct_param.py
[2025-10-25T01:37:23.338+0000] {logging_mixin.py:190} INFO - [2025-10-25T01:37:23.338+0000] {override.py:1912} INFO - Created Permission View: can edit on DAG:xcom_with_return_direct_param
[2025-10-25T01:37:23.350+0000] {logging_mixin.py:190} INFO - [2025-10-25T01:37:23.350+0000] {override.py:1912} INFO - Created Permission View: can delete on DAG:xcom_with_return_direct_param
[2025-10-25T01:37:23.358+0000] {logging_mixin.py:190} INFO - [2025-10-25T01:37:23.357+0000] {override.py:1912} INFO - Created Permission View: can read on DAG:xcom_with_return_direct_param
[2025-10-25T01:37:23.367+0000] {logging_mixin.py:190} INFO - [2025-10-25T01:37:23.367+0000] {override.py:1912} INFO - Created Permission View: can delete on DAG Run:xcom_with_return_direct_param
[2025-10-25T01:37:23.375+0000] {logging_mixin.py:190} INFO - [2025-10-25T01:37:23.374+0000] {override.py:1912} INFO - Created Permission View: can create on DAG Run:xcom_with_return_direct_param
[2025-10-25T01:37:23.382+0000] {logging_mixin.py:190} INFO - [2025-10-25T01:37:23.382+0000] {override.py:1912} INFO - Created Permission View: menu access on DAG Run:xcom_with_return_direct_param
[2025-10-25T01:37:23.392+0000] {logging_mixin.py:190} INFO - [2025-10-25T01:37:23.392+0000] {override.py:1912} INFO - Created Permission View: can read on DAG Run:xcom_with_return_direct_param
[2025-10-25T01:37:23.393+0000] {logging_mixin.py:190} INFO - [2025-10-25T01:37:23.393+0000] {dag.py:3239} INFO - Sync 1 DAGs
[2025-10-25T01:37:23.408+0000] {logging_mixin.py:190} INFO - [2025-10-25T01:37:23.408+0000] {dag.py:3262} INFO - Creating ORM DAG for xcom_with_return_direct_param
[2025-10-25T01:37:23.419+0000] {logging_mixin.py:190} INFO - [2025-10-25T01:37:23.419+0000] {dag.py:4180} INFO - Setting next_dagrun for xcom_with_return_direct_param to None, run_after=None
[2025-10-25T01:37:23.436+0000] {processor.py:208} INFO - Processing /opt/airflow/dags/xcom_with_return_direct_param.py took 0.244 seconds
[2025-10-25T01:37:53.851+0000] {processor.py:186} INFO - Started process (PID=255) to work on /opt/airflow/dags/xcom_with_return_direct_param.py
[2025-10-25T01:37:53.852+0000] {processor.py:914} INFO - Processing file /opt/airflow/dags/xcom_with_return_direct_param.py for tasks to queue
[2025-10-25T01:37:53.856+0000] {logging_mixin.py:190} INFO - [2025-10-25T01:37:53.856+0000] {dagbag.py:588} INFO - Filling up the DagBag from /opt/airflow/dags/xcom_with_return_direct_param.py
[2025-10-25T01:37:53.883+0000] {processor.py:925} INFO - DAG(s) 'xcom_with_return_direct_param' retrieved from /opt/airflow/dags/xcom_with_return_direct_param.py
[2025-10-25T01:37:53.921+0000] {logging_mixin.py:190} INFO - [2025-10-25T01:37:53.921+0000] {dag.py:3239} INFO - Sync 1 DAGs
[2025-10-25T01:37:53.947+0000] {logging_mixin.py:190} INFO - [2025-10-25T01:37:53.946+0000] {dag.py:4180} INFO - Setting next_dagrun for xcom_with_return_direct_param to None, run_after=None
[2025-10-25T01:37:53.972+0000] {processor.py:208} INFO - Processing /opt/airflow/dags/xcom_with_return_direct_param.py took 0.128 seconds
[2025-10-25T01:38:24.667+0000] {processor.py:186} INFO - Started process (PID=310) to work on /opt/airflow/dags/xcom_with_return_direct_param.py
[2025-10-25T01:38:24.669+0000] {processor.py:914} INFO - Processing file /opt/airflow/dags/xcom_with_return_direct_param.py for tasks to queue
[2025-10-25T01:38:24.673+0000] {logging_mixin.py:190} INFO - [2025-10-25T01:38:24.673+0000] {dagbag.py:588} INFO - Filling up the DagBag from /opt/airflow/dags/xcom_with_return_direct_param.py
[2025-10-25T01:38:24.749+0000] {processor.py:925} INFO - DAG(s) 'xcom_with_return_direct_param' retrieved from /opt/airflow/dags/xcom_with_return_direct_param.py
[2025-10-25T01:38:24.841+0000] {logging_mixin.py:190} INFO - [2025-10-25T01:38:24.841+0000] {dag.py:3239} INFO - Sync 1 DAGs
[2025-10-25T01:38:24.955+0000] {logging_mixin.py:190} INFO - [2025-10-25T01:38:24.955+0000] {dag.py:4180} INFO - Setting next_dagrun for xcom_with_return_direct_param to None, run_after=None
[2025-10-25T01:38:25.020+0000] {processor.py:208} INFO - Processing /opt/airflow/dags/xcom_with_return_direct_param.py took 0.364 seconds
[2025-10-25T01:38:55.776+0000] {processor.py:186} INFO - Started process (PID=365) to work on /opt/airflow/dags/xcom_with_return_direct_param.py
[2025-10-25T01:38:55.777+0000] {processor.py:914} INFO - Processing file /opt/airflow/dags/xcom_with_return_direct_param.py for tasks to queue
[2025-10-25T01:38:55.780+0000] {logging_mixin.py:190} INFO - [2025-10-25T01:38:55.779+0000] {dagbag.py:588} INFO - Filling up the DagBag from /opt/airflow/dags/xcom_with_return_direct_param.py
[2025-10-25T01:38:55.798+0000] {processor.py:925} INFO - DAG(s) 'xcom_with_return_direct_param' retrieved from /opt/airflow/dags/xcom_with_return_direct_param.py
[2025-10-25T01:38:55.829+0000] {logging_mixin.py:190} INFO - [2025-10-25T01:38:55.828+0000] {dag.py:3239} INFO - Sync 1 DAGs
[2025-10-25T01:38:55.849+0000] {logging_mixin.py:190} INFO - [2025-10-25T01:38:55.849+0000] {dag.py:4180} INFO - Setting next_dagrun for xcom_with_return_direct_param to None, run_after=None
[2025-10-25T01:38:55.869+0000] {processor.py:208} INFO - Processing /opt/airflow/dags/xcom_with_return_direct_param.py took 0.101 seconds
[2025-10-25T01:39:26.225+0000] {processor.py:186} INFO - Started process (PID=423) to work on /opt/airflow/dags/xcom_with_return_direct_param.py
[2025-10-25T01:39:26.226+0000] {processor.py:914} INFO - Processing file /opt/airflow/dags/xcom_with_return_direct_param.py for tasks to queue
[2025-10-25T01:39:26.228+0000] {logging_mixin.py:190} INFO - [2025-10-25T01:39:26.228+0000] {dagbag.py:588} INFO - Filling up the DagBag from /opt/airflow/dags/xcom_with_return_direct_param.py
[2025-10-25T01:39:26.251+0000] {processor.py:925} INFO - DAG(s) 'xcom_with_return_direct_param' retrieved from /opt/airflow/dags/xcom_with_return_direct_param.py
[2025-10-25T01:39:26.287+0000] {logging_mixin.py:190} INFO - [2025-10-25T01:39:26.287+0000] {dag.py:3239} INFO - Sync 1 DAGs
[2025-10-25T01:39:26.318+0000] {logging_mixin.py:190} INFO - [2025-10-25T01:39:26.317+0000] {dag.py:4180} INFO - Setting next_dagrun for xcom_with_return_direct_param to None, run_after=None
[2025-10-25T01:39:26.344+0000] {processor.py:208} INFO - Processing /opt/airflow/dags/xcom_with_return_direct_param.py took 0.127 seconds
[2025-10-25T01:39:57.076+0000] {processor.py:186} INFO - Started process (PID=478) to work on /opt/airflow/dags/xcom_with_return_direct_param.py
[2025-10-25T01:39:57.079+0000] {processor.py:914} INFO - Processing file /opt/airflow/dags/xcom_with_return_direct_param.py for tasks to queue
[2025-10-25T01:39:57.084+0000] {logging_mixin.py:190} INFO - [2025-10-25T01:39:57.083+0000] {dagbag.py:588} INFO - Filling up the DagBag from /opt/airflow/dags/xcom_with_return_direct_param.py
[2025-10-25T01:39:57.125+0000] {processor.py:925} INFO - DAG(s) 'xcom_with_return_direct_param' retrieved from /opt/airflow/dags/xcom_with_return_direct_param.py
[2025-10-25T01:39:57.184+0000] {logging_mixin.py:190} INFO - [2025-10-25T01:39:57.184+0000] {dag.py:3239} INFO - Sync 1 DAGs
[2025-10-25T01:39:57.229+0000] {logging_mixin.py:190} INFO - [2025-10-25T01:39:57.229+0000] {dag.py:4180} INFO - Setting next_dagrun for xcom_with_return_direct_param to None, run_after=None
[2025-10-25T01:39:57.277+0000] {processor.py:208} INFO - Processing /opt/airflow/dags/xcom_with_return_direct_param.py took 0.216 seconds
[2025-10-25T01:40:27.754+0000] {processor.py:186} INFO - Started process (PID=533) to work on /opt/airflow/dags/xcom_with_return_direct_param.py
[2025-10-25T01:40:27.756+0000] {processor.py:914} INFO - Processing file /opt/airflow/dags/xcom_with_return_direct_param.py for tasks to queue
[2025-10-25T01:40:27.759+0000] {logging_mixin.py:190} INFO - [2025-10-25T01:40:27.759+0000] {dagbag.py:588} INFO - Filling up the DagBag from /opt/airflow/dags/xcom_with_return_direct_param.py
[2025-10-25T01:40:27.780+0000] {processor.py:925} INFO - DAG(s) 'xcom_with_return_direct_param' retrieved from /opt/airflow/dags/xcom_with_return_direct_param.py
[2025-10-25T01:40:27.814+0000] {logging_mixin.py:190} INFO - [2025-10-25T01:40:27.814+0000] {dag.py:3239} INFO - Sync 1 DAGs
[2025-10-25T01:40:27.839+0000] {logging_mixin.py:190} INFO - [2025-10-25T01:40:27.839+0000] {dag.py:4180} INFO - Setting next_dagrun for xcom_with_return_direct_param to None, run_after=None
[2025-10-25T01:40:27.857+0000] {processor.py:208} INFO - Processing /opt/airflow/dags/xcom_with_return_direct_param.py took 0.111 seconds
[2025-10-25T01:40:58.492+0000] {processor.py:186} INFO - Started process (PID=588) to work on /opt/airflow/dags/xcom_with_return_direct_param.py
[2025-10-25T01:40:58.493+0000] {processor.py:914} INFO - Processing file /opt/airflow/dags/xcom_with_return_direct_param.py for tasks to queue
[2025-10-25T01:40:58.495+0000] {logging_mixin.py:190} INFO - [2025-10-25T01:40:58.495+0000] {dagbag.py:588} INFO - Filling up the DagBag from /opt/airflow/dags/xcom_with_return_direct_param.py
[2025-10-25T01:40:58.513+0000] {processor.py:925} INFO - DAG(s) 'xcom_with_return_direct_param' retrieved from /opt/airflow/dags/xcom_with_return_direct_param.py
[2025-10-25T01:40:58.543+0000] {logging_mixin.py:190} INFO - [2025-10-25T01:40:58.543+0000] {dag.py:3239} INFO - Sync 1 DAGs
[2025-10-25T01:40:58.564+0000] {logging_mixin.py:190} INFO - [2025-10-25T01:40:58.564+0000] {dag.py:4180} INFO - Setting next_dagrun for xcom_with_return_direct_param to None, run_after=None
[2025-10-25T01:40:58.586+0000] {processor.py:208} INFO - Processing /opt/airflow/dags/xcom_with_return_direct_param.py took 0.100 seconds
[2025-10-25T01:41:28.813+0000] {processor.py:186} INFO - Started process (PID=643) to work on /opt/airflow/dags/xcom_with_return_direct_param.py
[2025-10-25T01:41:28.814+0000] {processor.py:914} INFO - Processing file /opt/airflow/dags/xcom_with_return_direct_param.py for tasks to queue
[2025-10-25T01:41:28.816+0000] {logging_mixin.py:190} INFO - [2025-10-25T01:41:28.816+0000] {dagbag.py:588} INFO - Filling up the DagBag from /opt/airflow/dags/xcom_with_return_direct_param.py
[2025-10-25T01:41:28.837+0000] {processor.py:925} INFO - DAG(s) 'xcom_with_return_direct_param' retrieved from /opt/airflow/dags/xcom_with_return_direct_param.py
[2025-10-25T01:41:28.872+0000] {logging_mixin.py:190} INFO - [2025-10-25T01:41:28.872+0000] {dag.py:3239} INFO - Sync 1 DAGs
[2025-10-25T01:41:28.894+0000] {logging_mixin.py:190} INFO - [2025-10-25T01:41:28.894+0000] {dag.py:4180} INFO - Setting next_dagrun for xcom_with_return_direct_param to None, run_after=None
[2025-10-25T01:41:28.913+0000] {processor.py:208} INFO - Processing /opt/airflow/dags/xcom_with_return_direct_param.py took 0.106 seconds
[2025-10-25T01:41:59.047+0000] {processor.py:186} INFO - Started process (PID=698) to work on /opt/airflow/dags/xcom_with_return_direct_param.py
[2025-10-25T01:41:59.048+0000] {processor.py:914} INFO - Processing file /opt/airflow/dags/xcom_with_return_direct_param.py for tasks to queue
[2025-10-25T01:41:59.050+0000] {logging_mixin.py:190} INFO - [2025-10-25T01:41:59.050+0000] {dagbag.py:588} INFO - Filling up the DagBag from /opt/airflow/dags/xcom_with_return_direct_param.py
[2025-10-25T01:41:59.071+0000] {processor.py:925} INFO - DAG(s) 'xcom_with_return_direct_param' retrieved from /opt/airflow/dags/xcom_with_return_direct_param.py
[2025-10-25T01:41:59.106+0000] {logging_mixin.py:190} INFO - [2025-10-25T01:41:59.105+0000] {dag.py:3239} INFO - Sync 1 DAGs
[2025-10-25T01:41:59.134+0000] {logging_mixin.py:190} INFO - [2025-10-25T01:41:59.133+0000] {dag.py:4180} INFO - Setting next_dagrun for xcom_with_return_direct_param to None, run_after=None
[2025-10-25T01:41:59.164+0000] {processor.py:208} INFO - Processing /opt/airflow/dags/xcom_with_return_direct_param.py took 0.125 seconds
[2025-10-25T01:42:29.687+0000] {processor.py:186} INFO - Started process (PID=753) to work on /opt/airflow/dags/xcom_with_return_direct_param.py
[2025-10-25T01:42:29.688+0000] {processor.py:914} INFO - Processing file /opt/airflow/dags/xcom_with_return_direct_param.py for tasks to queue
[2025-10-25T01:42:29.691+0000] {logging_mixin.py:190} INFO - [2025-10-25T01:42:29.690+0000] {dagbag.py:588} INFO - Filling up the DagBag from /opt/airflow/dags/xcom_with_return_direct_param.py
[2025-10-25T01:42:29.712+0000] {processor.py:925} INFO - DAG(s) 'xcom_with_return_direct_param' retrieved from /opt/airflow/dags/xcom_with_return_direct_param.py
[2025-10-25T01:42:29.745+0000] {logging_mixin.py:190} INFO - [2025-10-25T01:42:29.745+0000] {dag.py:3239} INFO - Sync 1 DAGs
[2025-10-25T01:42:29.768+0000] {logging_mixin.py:190} INFO - [2025-10-25T01:42:29.767+0000] {dag.py:4180} INFO - Setting next_dagrun for xcom_with_return_direct_param to None, run_after=None
[2025-10-25T01:42:29.789+0000] {processor.py:208} INFO - Processing /opt/airflow/dags/xcom_with_return_direct_param.py took 0.108 seconds
